[ 2012-09-28T14:06:11+08:00 ] /SHX/PinPHP/admin.php?a=index&m=cache | INFO: Tag[ app_begin ] --START--
[ 2012-09-28T14:06:11+08:00 ] /SHX/PinPHP/admin.php?a=index&m=cache | INFO: Run ReadHtmlCache Behavior [ RunTime:0.000524s ]
[ 2012-09-28T14:06:11+08:00 ] /SHX/PinPHP/admin.php?a=index&m=cache | INFO: Tag[ app_begin ] --END-- [ RunTime:0.000626s ]
[ 2012-09-28T14:06:11+08:00 ] /SHX/PinPHP/admin.php?a=index&m=cache | SQL: SHOW COLUMNS FROM `pp_admin` [ RunTime:0.001756s ]
[ 2012-09-28T14:06:11+08:00 ] /SHX/PinPHP/admin.php?a=index&m=cache | SQL: SHOW COLUMNS FROM `pp_items_cate` [ RunTime:0.001932s ]
[ 2012-09-28T14:06:11+08:00 ] /SHX/PinPHP/admin.php?a=index&m=cache | SQL: SHOW COLUMNS FROM `pp_user` [ RunTime:0.002302s ]
[ 2012-09-28T14:06:11+08:00 ] /SHX/PinPHP/admin.php?a=index&m=cache | SQL: SHOW COLUMNS FROM `pp_album` [ RunTime:0.001852s ]
[ 2012-09-28T14:06:11+08:00 ] /SHX/PinPHP/admin.php?a=index&m=cache | SQL: SHOW COLUMNS FROM `pp_album_cate` [ RunTime:0.001773s ]
[ 2012-09-28T14:06:11+08:00 ] /SHX/PinPHP/admin.php?a=index&m=cache | SQL: SHOW COLUMNS FROM `pp_group` [ RunTime:0.001674s ]
[ 2012-09-28T14:06:11+08:00 ] /SHX/PinPHP/admin.php?a=index&m=cache | SQL: SELECT `id`,`title` FROM `pp_group` WHERE status=1 ORDER BY sort ASC  [ RunTime:0.000591s ]
[ 2012-09-28T14:06:11+08:00 ] /SHX/PinPHP/admin.php?a=index&m=cache | SQL: SHOW COLUMNS FROM `pp_setting` [ RunTime:0.001458s ]
[ 2012-09-28T14:06:11+08:00 ] /SHX/PinPHP/admin.php?a=index&m=cache | SQL: SELECT * FROM `pp_setting`  [ RunTime:0.000676s ]
[ 2012-09-28T14:06:11+08:00 ] /SHX/PinPHP/admin.php?a=index&m=cache | NOTIC: [8] Undefined index:  iframe baseAction.class.php 第 58 行.
[ 2012-09-28T14:06:11+08:00 ] /SHX/PinPHP/admin.php?a=index&m=cache | SQL: SHOW COLUMNS FROM `pp_cache` [ RunTime:0.001813s ]
[ 2012-09-28T14:06:11+08:00 ] /SHX/PinPHP/admin.php?a=index&m=cache | SQL: SHOW COLUMNS FROM `pp_items` [ RunTime:0.001887s ]
[ 2012-09-28T14:06:11+08:00 ] /SHX/PinPHP/admin.php?a=index&m=cache | SQL: SHOW COLUMNS FROM `pp_items_cate` [ RunTime:0.001946s ]
[ 2012-09-28T14:06:11+08:00 ] /SHX/PinPHP/admin.php?a=index&m=cache | SQL: SHOW COLUMNS FROM `pp_user_comments` [ RunTime:0.001544s ]
[ 2012-09-28T14:06:11+08:00 ] /SHX/PinPHP/admin.php?a=index&m=cache | SQL: UPDATE `pp_items_cate` SET `item_nums`=0 WHERE 1=1 [ RunTime:0.002521s ]
[ 2012-09-28T14:06:11+08:00 ] /SHX/PinPHP/admin.php?a=index&m=cache | SQL: SELECT `cid`,count(id) as cate_nums FROM `pp_items` GROUP BY cid  [ RunTime:0.000494s ]
[ 2012-09-28T14:06:11+08:00 ] /SHX/PinPHP/admin.php?a=index&m=cache | SQL: UPDATE `pp_items_cate` SET `item_nums`='24' WHERE ( `id` = '118' ) [ RunTime:0.000212s ]
[ 2012-09-28T14:06:11+08:00 ] /SHX/PinPHP/admin.php?a=index&m=cache | SQL: UPDATE `pp_items_cate` SET `item_nums`='24' WHERE ( `id` = '333' ) [ RunTime:0.000149s ]
[ 2012-09-28T14:06:11+08:00 ] /SHX/PinPHP/admin.php?a=index&m=cache | SQL: UPDATE `pp_items_cate` SET `item_nums`='24' WHERE ( `id` = '349' ) [ RunTime:0.000163s ]
[ 2012-09-28T14:06:11+08:00 ] /SHX/PinPHP/admin.php?a=index&m=cache | SQL: UPDATE `pp_items_cate` SET `item_nums`='24' WHERE ( `id` = '352' ) [ RunTime:0.000149s ]
[ 2012-09-28T14:06:11+08:00 ] /SHX/PinPHP/admin.php?a=index&m=cache | SQL: UPDATE `pp_items_cate` SET `item_nums`='24' WHERE ( `id` = '353' ) [ RunTime:0.000136s ]
[ 2012-09-28T14:06:11+08:00 ] /SHX/PinPHP/admin.php?a=index&m=cache | SQL: UPDATE `pp_items_cate` SET `item_nums`='24' WHERE ( `id` = '366' ) [ RunTime:0.000125s ]
[ 2012-09-28T14:06:11+08:00 ] /SHX/PinPHP/admin.php?a=index&m=cache | SQL: UPDATE `pp_items_cate` SET `item_nums`='24' WHERE ( `id` = '376' ) [ RunTime:0.000123s ]
[ 2012-09-28T14:06:11+08:00 ] /SHX/PinPHP/admin.php?a=index&m=cache | SQL: SELECT `cid`,sum(likes) as total FROM `pp_items` GROUP BY cid  [ RunTime:0.000455s ]
[ 2012-09-28T14:06:11+08:00 ] /SHX/PinPHP/admin.php?a=index&m=cache | SQL: UPDATE `pp_items_cate` SET `item_likes`='0' WHERE ( `id` = '118' ) [ RunTime:0.000130s ]
[ 2012-09-28T14:06:11+08:00 ] /SHX/PinPHP/admin.php?a=index&m=cache | SQL: UPDATE `pp_items_cate` SET `item_likes`='0' WHERE ( `id` = '333' ) [ RunTime:0.000115s ]
[ 2012-09-28T14:06:11+08:00 ] /SHX/PinPHP/admin.php?a=index&m=cache | SQL: UPDATE `pp_items_cate` SET `item_likes`='0' WHERE ( `id` = '349' ) [ RunTime:0.000108s ]
[ 2012-09-28T14:06:11+08:00 ] /SHX/PinPHP/admin.php?a=index&m=cache | SQL: UPDATE `pp_items_cate` SET `item_likes`='0' WHERE ( `id` = '352' ) [ RunTime:0.000105s ]
[ 2012-09-28T14:06:11+08:00 ] /SHX/PinPHP/admin.php?a=index&m=cache | SQL: UPDATE `pp_items_cate` SET `item_likes`='0' WHERE ( `id` = '353' ) [ RunTime:0.000104s ]
[ 2012-09-28T14:06:11+08:00 ] /SHX/PinPHP/admin.php?a=index&m=cache | SQL: UPDATE `pp_items_cate` SET `item_likes`='0' WHERE ( `id` = '366' ) [ RunTime:0.000104s ]
[ 2012-09-28T14:06:11+08:00 ] /SHX/PinPHP/admin.php?a=index&m=cache | SQL: UPDATE `pp_items_cate` SET `item_likes`='0' WHERE ( `id` = '376' ) [ RunTime:0.000104s ]
[ 2012-09-28T14:06:11+08:00 ] /SHX/PinPHP/admin.php?a=index&m=cache | SQL: UPDATE `pp_items` SET `comments`='0' WHERE 1=1 [ RunTime:0.001563s ]
[ 2012-09-28T14:06:11+08:00 ] /SHX/PinPHP/admin.php?a=index&m=cache | SQL: SELECT `pid`,count(pid) as total FROM `pp_user_comments` WHERE type='item' and status='1' GROUP BY pid  [ RunTime:0.000121s ]
[ 2012-09-28T14:06:11+08:00 ] /SHX/PinPHP/admin.php?a=index&m=cache | NOTIC: [2] Invalid argument supplied for foreach() cacheAction.class.php 第 78 行.
[ 2012-09-28T14:06:11+08:00 ] /SHX/PinPHP/admin.php?a=index&m=cache | INFO: Tag[ view_template ] --START--
[ 2012-09-28T14:06:11+08:00 ] /SHX/PinPHP/admin.php?a=index&m=cache | INFO: Run LocationTemplate Behavior [ RunTime:0.001365s ]
[ 2012-09-28T14:06:11+08:00 ] /SHX/PinPHP/admin.php?a=index&m=cache | INFO: Tag[ view_template ] --END-- [ RunTime:0.001422s ]
[ 2012-09-28T14:06:11+08:00 ] /SHX/PinPHP/admin.php?a=index&m=cache | INFO: Tag[ view_parse ] --START--
[ 2012-09-28T14:06:11+08:00 ] /SHX/PinPHP/admin.php?a=index&m=cache | NOTIC: [8] Undefined variable: sub_menu 5cdd149056100dfb7a8e20a3e8307427.php 第 36 行.
[ 2012-09-28T14:06:11+08:00 ] /SHX/PinPHP/admin.php?a=index&m=cache | NOTIC: [8] Undefined variable: big_menu 5cdd149056100dfb7a8e20a3e8307427.php 第 36 行.
[ 2012-09-28T14:06:11+08:00 ] /SHX/PinPHP/admin.php?a=index&m=cache | INFO: Run ParseTemplate Behavior [ RunTime:0.010490s ]
[ 2012-09-28T14:06:11+08:00 ] /SHX/PinPHP/admin.php?a=index&m=cache | INFO: Tag[ view_parse ] --END-- [ RunTime:0.010556s ]
[ 2012-09-28T14:06:11+08:00 ] /SHX/PinPHP/admin.php?a=index&m=cache | INFO: Tag[ view_filter ] --START--
[ 2012-09-28T14:06:11+08:00 ] /SHX/PinPHP/admin.php?a=index&m=cache | INFO: Run ContentReplace Behavior [ RunTime:0.000324s ]
[ 2012-09-28T14:06:11+08:00 ] /SHX/PinPHP/admin.php?a=index&m=cache | INFO: Run TokenBuild Behavior [ RunTime:0.000330s ]
[ 2012-09-28T14:06:11+08:00 ] /SHX/PinPHP/admin.php?a=index&m=cache | INFO: Run WriteHtmlCache Behavior [ RunTime:0.000203s ]
[ 2012-09-28T14:06:11+08:00 ] /SHX/PinPHP/admin.php?a=index&m=cache | INFO: Run ShowRuntime Behavior [ RunTime:0.000362s ]
[ 2012-09-28T14:06:11+08:00 ] /SHX/PinPHP/admin.php?a=index&m=cache | INFO: Tag[ view_filter ] --END-- [ RunTime:0.001363s ]
[ 2012-09-28T14:06:11+08:00 ] /SHX/PinPHP/admin.php?a=index&m=cache | INFO: Tag[ view_end ] --START--
[ 2012-09-28T14:06:11+08:00 ] /SHX/PinPHP/admin.php?a=index&m=cache | INFO: Run ShowPageTrace Behavior [ RunTime:0.000574s ]
[ 2012-09-28T14:06:11+08:00 ] /SHX/PinPHP/admin.php?a=index&m=cache | INFO: Tag[ view_end ] --END-- [ RunTime:0.000648s ]
[ 2012-09-28T14:08:25+08:00 ] /SHX/PinPHP/admin.php | INFO: Tag[ app_begin ] --START--
[ 2012-09-28T14:08:25+08:00 ] /SHX/PinPHP/admin.php | INFO: Run ReadHtmlCache Behavior [ RunTime:0.001065s ]
[ 2012-09-28T14:08:25+08:00 ] /SHX/PinPHP/admin.php | INFO: Tag[ app_begin ] --END-- [ RunTime:0.001171s ]
[ 2012-09-28T14:08:25+08:00 ] /SHX/PinPHP/admin.php | SQL: SHOW COLUMNS FROM `pp_admin` [ RunTime:0.001969s ]
[ 2012-09-28T14:08:25+08:00 ] /SHX/PinPHP/admin.php | SQL: SHOW COLUMNS FROM `pp_items_cate` [ RunTime:0.001756s ]
[ 2012-09-28T14:08:25+08:00 ] /SHX/PinPHP/admin.php | SQL: SHOW COLUMNS FROM `pp_user` [ RunTime:0.001894s ]
[ 2012-09-28T14:08:25+08:00 ] /SHX/PinPHP/admin.php | SQL: SHOW COLUMNS FROM `pp_album` [ RunTime:0.001503s ]
[ 2012-09-28T14:08:25+08:00 ] /SHX/PinPHP/admin.php | SQL: SHOW COLUMNS FROM `pp_album_cate` [ RunTime:0.001410s ]
[ 2012-09-28T14:08:25+08:00 ] /SHX/PinPHP/admin.php | SQL: SHOW COLUMNS FROM `pp_group` [ RunTime:0.001642s ]
[ 2012-09-28T14:08:25+08:00 ] /SHX/PinPHP/admin.php | SQL: SELECT `id`,`title` FROM `pp_group` WHERE status=1 ORDER BY sort ASC  [ RunTime:0.000685s ]
[ 2012-09-28T14:08:25+08:00 ] /SHX/PinPHP/admin.php | SQL: SHOW COLUMNS FROM `pp_setting` [ RunTime:0.001638s ]
[ 2012-09-28T14:08:25+08:00 ] /SHX/PinPHP/admin.php | SQL: SELECT * FROM `pp_setting`  [ RunTime:0.000609s ]
[ 2012-09-28T14:08:25+08:00 ] /SHX/PinPHP/admin.php | NOTIC: [8] Undefined index:  iframe baseAction.class.php 第 58 行.
[ 2012-09-28T14:08:25+08:00 ] /SHX/PinPHP/admin.php | SQL: SHOW COLUMNS FROM `pp_items` [ RunTime:0.002192s ]
[ 2012-09-28T14:08:25+08:00 ] /SHX/PinPHP/admin.php | SQL: SHOW COLUMNS FROM `pp_items_cate` [ RunTime:0.002068s ]
[ 2012-09-28T14:08:25+08:00 ] /SHX/PinPHP/admin.php | SQL: SELECT `cid`,count(id) as cate_nums FROM `pp_items` GROUP BY cid  [ RunTime:0.000882s ]
[ 2012-09-28T14:08:25+08:00 ] /SHX/PinPHP/admin.php | SQL: UPDATE `pp_items_cate` SET `item_nums`='24' WHERE ( `id` = '118' ) [ RunTime:0.000190s ]
[ 2012-09-28T14:08:25+08:00 ] /SHX/PinPHP/admin.php | SQL: UPDATE `pp_items_cate` SET `item_nums`='24' WHERE ( `id` = '333' ) [ RunTime:0.000143s ]
[ 2012-09-28T14:08:25+08:00 ] /SHX/PinPHP/admin.php | SQL: UPDATE `pp_items_cate` SET `item_nums`='24' WHERE ( `id` = '349' ) [ RunTime:0.000151s ]
[ 2012-09-28T14:08:25+08:00 ] /SHX/PinPHP/admin.php | SQL: UPDATE `pp_items_cate` SET `item_nums`='24' WHERE ( `id` = '352' ) [ RunTime:0.000147s ]
[ 2012-09-28T14:08:25+08:00 ] /SHX/PinPHP/admin.php | SQL: UPDATE `pp_items_cate` SET `item_nums`='24' WHERE ( `id` = '353' ) [ RunTime:0.000158s ]
[ 2012-09-28T14:08:25+08:00 ] /SHX/PinPHP/admin.php | SQL: UPDATE `pp_items_cate` SET `item_nums`='24' WHERE ( `id` = '366' ) [ RunTime:0.000117s ]
[ 2012-09-28T14:08:25+08:00 ] /SHX/PinPHP/admin.php | SQL: UPDATE `pp_items_cate` SET `item_nums`='24' WHERE ( `id` = '376' ) [ RunTime:0.000120s ]
[ 2012-09-28T14:08:25+08:00 ] /SHX/PinPHP/admin.php | INFO: Tag[ view_template ] --START--
[ 2012-09-28T14:08:25+08:00 ] /SHX/PinPHP/admin.php | INFO: Run LocationTemplate Behavior [ RunTime:0.001812s ]
[ 2012-09-28T14:08:25+08:00 ] /SHX/PinPHP/admin.php | INFO: Tag[ view_template ] --END-- [ RunTime:0.001872s ]
[ 2012-09-28T14:08:25+08:00 ] /SHX/PinPHP/admin.php | INFO: Tag[ view_parse ] --START--
[ 2012-09-28T14:08:25+08:00 ] /SHX/PinPHP/admin.php | NOTIC: [8] Undefined variable: lang 61acf2961088e1c8be817cc708b9bd0a.php 第 41 行.
[ 2012-09-28T14:08:25+08:00 ] /SHX/PinPHP/admin.php | INFO: Run ParseTemplate Behavior [ RunTime:0.013739s ]
[ 2012-09-28T14:08:25+08:00 ] /SHX/PinPHP/admin.php | INFO: Tag[ view_parse ] --END-- [ RunTime:0.013803s ]
[ 2012-09-28T14:08:25+08:00 ] /SHX/PinPHP/admin.php | INFO: Tag[ view_filter ] --START--
[ 2012-09-28T14:08:25+08:00 ] /SHX/PinPHP/admin.php | INFO: Run ContentReplace Behavior [ RunTime:0.000887s ]
[ 2012-09-28T14:08:25+08:00 ] /SHX/PinPHP/admin.php | INFO: Run TokenBuild Behavior [ RunTime:0.000880s ]
[ 2012-09-28T14:08:25+08:00 ] /SHX/PinPHP/admin.php | INFO: Run WriteHtmlCache Behavior [ RunTime:0.000746s ]
[ 2012-09-28T14:08:25+08:00 ] /SHX/PinPHP/admin.php | INFO: Run ShowRuntime Behavior [ RunTime:0.000999s ]
[ 2012-09-28T14:08:25+08:00 ] /SHX/PinPHP/admin.php | INFO: Tag[ view_filter ] --END-- [ RunTime:0.003654s ]
[ 2012-09-28T14:08:25+08:00 ] /SHX/PinPHP/admin.php | INFO: Tag[ view_end ] --START--
[ 2012-09-28T14:08:25+08:00 ] /SHX/PinPHP/admin.php | INFO: Run ShowPageTrace Behavior [ RunTime:0.000931s ]
[ 2012-09-28T14:08:25+08:00 ] /SHX/PinPHP/admin.php | INFO: Tag[ view_end ] --END-- [ RunTime:0.000980s ]
[ 2012-09-28T14:08:25+08:00 ] /SHX/PinPHP/admin.php?a=panel&m=public | INFO: Tag[ app_begin ] --START--
[ 2012-09-28T14:08:25+08:00 ] /SHX/PinPHP/admin.php?a=panel&m=public | INFO: Run ReadHtmlCache Behavior [ RunTime:0.000446s ]
[ 2012-09-28T14:08:25+08:00 ] /SHX/PinPHP/admin.php?a=panel&m=public | INFO: Tag[ app_begin ] --END-- [ RunTime:0.000534s ]
[ 2012-09-28T14:08:25+08:00 ] /SHX/PinPHP/admin.php?a=panel&m=public | SQL: SHOW COLUMNS FROM `pp_admin` [ RunTime:0.001718s ]
[ 2012-09-28T14:08:25+08:00 ] /SHX/PinPHP/admin.php?a=panel&m=public | SQL: SHOW COLUMNS FROM `pp_items_cate` [ RunTime:0.001627s ]
[ 2012-09-28T14:08:25+08:00 ] /SHX/PinPHP/admin.php?a=panel&m=public | SQL: SHOW COLUMNS FROM `pp_user` [ RunTime:0.002002s ]
[ 2012-09-28T14:08:25+08:00 ] /SHX/PinPHP/admin.php?a=panel&m=public | SQL: SHOW COLUMNS FROM `pp_album` [ RunTime:0.001814s ]
[ 2012-09-28T14:08:25+08:00 ] /SHX/PinPHP/admin.php?a=panel&m=public | SQL: SHOW COLUMNS FROM `pp_album_cate` [ RunTime:0.001779s ]
[ 2012-09-28T14:08:25+08:00 ] /SHX/PinPHP/admin.php?a=panel&m=public | SQL: SHOW COLUMNS FROM `pp_group` [ RunTime:0.002009s ]
[ 2012-09-28T14:08:25+08:00 ] /SHX/PinPHP/admin.php?a=panel&m=public | SQL: SELECT `id`,`title` FROM `pp_group` WHERE status=1 ORDER BY sort ASC  [ RunTime:0.000672s ]
[ 2012-09-28T14:08:25+08:00 ] /SHX/PinPHP/admin.php?a=panel&m=public | SQL: SHOW COLUMNS FROM `pp_setting` [ RunTime:0.001848s ]
[ 2012-09-28T14:08:25+08:00 ] /SHX/PinPHP/admin.php?a=panel&m=public | SQL: SELECT * FROM `pp_setting`  [ RunTime:0.000567s ]
[ 2012-09-28T14:08:25+08:00 ] /SHX/PinPHP/admin.php?a=panel&m=public | NOTIC: [8] Undefined index:  iframe baseAction.class.php 第 58 行.
[ 2012-09-28T14:08:25+08:00 ] /SHX/PinPHP/admin.php?a=panel&m=public | SQL: SHOW COLUMNS FROM `pp_role` [ RunTime:0.002310s ]
[ 2012-09-28T14:08:25+08:00 ] /SHX/PinPHP/admin.php?a=panel&m=public | SQL: SELECT * FROM `pp_role` WHERE id=1 LIMIT 1   [ RunTime:0.000680s ]
[ 2012-09-28T14:08:25+08:00 ] /SHX/PinPHP/admin.php?a=panel&m=public | INFO: Tag[ view_template ] --START--
[ 2012-09-28T14:08:25+08:00 ] /SHX/PinPHP/admin.php?a=panel&m=public | INFO: Run LocationTemplate Behavior [ RunTime:0.001664s ]
[ 2012-09-28T14:08:25+08:00 ] /SHX/PinPHP/admin.php?a=panel&m=public | INFO: Tag[ view_template ] --END-- [ RunTime:0.001730s ]
[ 2012-09-28T14:08:25+08:00 ] /SHX/PinPHP/admin.php?a=panel&m=public | INFO: Tag[ view_parse ] --START--
[ 2012-09-28T14:08:25+08:00 ] /SHX/PinPHP/admin.php?a=panel&m=public | NOTIC: [8] Undefined variable: sub_menu 987c9db608489a54aaba6faa6bc56bce.php 第 36 行.
[ 2012-09-28T14:08:25+08:00 ] /SHX/PinPHP/admin.php?a=panel&m=public | NOTIC: [8] Undefined variable: big_menu 987c9db608489a54aaba6faa6bc56bce.php 第 36 行.
[ 2012-09-28T14:08:25+08:00 ] /SHX/PinPHP/admin.php?a=panel&m=public | INFO: Run ParseTemplate Behavior [ RunTime:0.013982s ]
[ 2012-09-28T14:08:25+08:00 ] /SHX/PinPHP/admin.php?a=panel&m=public | INFO: Tag[ view_parse ] --END-- [ RunTime:0.014052s ]
[ 2012-09-28T14:08:25+08:00 ] /SHX/PinPHP/admin.php?a=panel&m=public | INFO: Tag[ view_filter ] --START--
[ 2012-09-28T14:08:25+08:00 ] /SHX/PinPHP/admin.php?a=panel&m=public | INFO: Run ContentReplace Behavior [ RunTime:0.000683s ]
[ 2012-09-28T14:08:25+08:00 ] /SHX/PinPHP/admin.php?a=panel&m=public | INFO: Run TokenBuild Behavior [ RunTime:0.000670s ]
[ 2012-09-28T14:08:25+08:00 ] /SHX/PinPHP/admin.php?a=panel&m=public | INFO: Run WriteHtmlCache Behavior [ RunTime:0.001492s ]
[ 2012-09-28T14:08:25+08:00 ] /SHX/PinPHP/admin.php?a=panel&m=public | INFO: Run ShowRuntime Behavior [ RunTime:0.000700s ]
[ 2012-09-28T14:08:25+08:00 ] /SHX/PinPHP/admin.php?a=panel&m=public | INFO: Tag[ view_filter ] --END-- [ RunTime:0.003760s ]
[ 2012-09-28T14:08:25+08:00 ] /SHX/PinPHP/admin.php?a=panel&m=public | INFO: Tag[ view_end ] --START--
[ 2012-09-28T14:08:25+08:00 ] /SHX/PinPHP/admin.php?a=panel&m=public | INFO: Run ShowPageTrace Behavior [ RunTime:0.000732s ]
[ 2012-09-28T14:08:25+08:00 ] /SHX/PinPHP/admin.php?a=panel&m=public | INFO: Tag[ view_end ] --END-- [ RunTime:0.000792s ]
[ 2012-09-28T14:08:25+08:00 ] /SHX/PinPHP/admin.php?a=menu&m=public&tag=0 | INFO: Tag[ app_begin ] --START--
[ 2012-09-28T14:08:25+08:00 ] /SHX/PinPHP/admin.php?a=menu&m=public&tag=0 | INFO: Run ReadHtmlCache Behavior [ RunTime:0.000536s ]
[ 2012-09-28T14:08:25+08:00 ] /SHX/PinPHP/admin.php?a=menu&m=public&tag=0 | INFO: Tag[ app_begin ] --END-- [ RunTime:0.000648s ]
[ 2012-09-28T14:08:26+08:00 ] /SHX/PinPHP/admin.php?a=menu&m=public&tag=0 | SQL: SHOW COLUMNS FROM `pp_admin` [ RunTime:0.001732s ]
[ 2012-09-28T14:08:26+08:00 ] /SHX/PinPHP/admin.php?a=menu&m=public&tag=0 | SQL: SHOW COLUMNS FROM `pp_items_cate` [ RunTime:0.001949s ]
[ 2012-09-28T14:08:26+08:00 ] /SHX/PinPHP/admin.php?a=menu&m=public&tag=0 | SQL: SHOW COLUMNS FROM `pp_user` [ RunTime:0.001858s ]
[ 2012-09-28T14:08:26+08:00 ] /SHX/PinPHP/admin.php?a=menu&m=public&tag=0 | SQL: SHOW COLUMNS FROM `pp_album` [ RunTime:0.001648s ]
[ 2012-09-28T14:08:26+08:00 ] /SHX/PinPHP/admin.php?a=menu&m=public&tag=0 | SQL: SHOW COLUMNS FROM `pp_album_cate` [ RunTime:0.001559s ]
[ 2012-09-28T14:08:26+08:00 ] /SHX/PinPHP/admin.php?a=menu&m=public&tag=0 | SQL: SHOW COLUMNS FROM `pp_group` [ RunTime:0.001593s ]
[ 2012-09-28T14:08:26+08:00 ] /SHX/PinPHP/admin.php?a=menu&m=public&tag=0 | SQL: SELECT `id`,`title` FROM `pp_group` WHERE status=1 ORDER BY sort ASC  [ RunTime:0.000505s ]
[ 2012-09-28T14:08:26+08:00 ] /SHX/PinPHP/admin.php?a=menu&m=public&tag=0 | SQL: SHOW COLUMNS FROM `pp_setting` [ RunTime:0.001402s ]
[ 2012-09-28T14:08:26+08:00 ] /SHX/PinPHP/admin.php?a=menu&m=public&tag=0 | SQL: SELECT * FROM `pp_setting`  [ RunTime:0.000610s ]
[ 2012-09-28T14:08:26+08:00 ] /SHX/PinPHP/admin.php?a=menu&m=public&tag=0 | NOTIC: [8] Undefined index:  iframe baseAction.class.php 第 58 行.
[ 2012-09-28T14:08:26+08:00 ] /SHX/PinPHP/admin.php?a=menu&m=public&tag=0 | SQL: SHOW COLUMNS FROM `pp_admin` [ RunTime:0.001609s ]
[ 2012-09-28T14:08:26+08:00 ] /SHX/PinPHP/admin.php?a=menu&m=public&tag=0 | SQL: SELECT `role_id` FROM `pp_admin` WHERE id=1 LIMIT 1   [ RunTime:0.000542s ]
[ 2012-09-28T14:08:26+08:00 ] /SHX/PinPHP/admin.php?a=menu&m=public&tag=0 | SQL: SHOW COLUMNS FROM `pp_access` [ RunTime:0.001975s ]
[ 2012-09-28T14:08:26+08:00 ] /SHX/PinPHP/admin.php?a=menu&m=public&tag=0 | SQL: SELECT `node_id` FROM `pp_access` WHERE role_id=1  [ RunTime:0.000833s ]
[ 2012-09-28T14:08:26+08:00 ] /SHX/PinPHP/admin.php?a=menu&m=public&tag=0 | SQL: SHOW COLUMNS FROM `pp_node` [ RunTime:0.002040s ]
[ 2012-09-28T14:08:26+08:00 ] /SHX/PinPHP/admin.php?a=menu&m=public&tag=0 | SQL: SELECT `id`,`action`,`action_name`,`module`,`module_name`,`data` FROM `pp_node` WHERE auth_type<>2 AND status=1 AND is_show=0 AND group_id=6 ORDER BY sort DESC  [ RunTime:0.000755s ]
[ 2012-09-28T14:08:26+08:00 ] /SHX/PinPHP/admin.php?a=menu&m=public&tag=0 | NOTIC: [8] Undefined offset:  1 publicAction.class.php 第 31 行.
[ 2012-09-28T14:08:26+08:00 ] /SHX/PinPHP/admin.php?a=menu&m=public&tag=0 | INFO: Tag[ view_template ] --START--
[ 2012-09-28T14:08:26+08:00 ] /SHX/PinPHP/admin.php?a=menu&m=public&tag=0 | INFO: Run LocationTemplate Behavior [ RunTime:0.001498s ]
[ 2012-09-28T14:08:26+08:00 ] /SHX/PinPHP/admin.php?a=menu&m=public&tag=0 | INFO: Tag[ view_template ] --END-- [ RunTime:0.001567s ]
[ 2012-09-28T14:08:26+08:00 ] /SHX/PinPHP/admin.php?a=menu&m=public&tag=0 | INFO: Tag[ view_parse ] --START--
[ 2012-09-28T14:08:26+08:00 ] /SHX/PinPHP/admin.php?a=menu&m=public&tag=0 | NOTIC: [8] Undefined variable: lang 7cb575b33561d89a8912b1581f6b6fb7.php 第 1 行.
[ 2012-09-28T14:08:26+08:00 ] /SHX/PinPHP/admin.php?a=menu&m=public&tag=0 | NOTIC: [8] Undefined variable: lang 7cb575b33561d89a8912b1581f6b6fb7.php 第 1 行.
[ 2012-09-28T14:08:26+08:00 ] /SHX/PinPHP/admin.php?a=menu&m=public&tag=0 | NOTIC: [8] Undefined variable: lang 7cb575b33561d89a8912b1581f6b6fb7.php 第 1 行.
[ 2012-09-28T14:08:26+08:00 ] /SHX/PinPHP/admin.php?a=menu&m=public&tag=0 | NOTIC: [8] Undefined variable: lang 7cb575b33561d89a8912b1581f6b6fb7.php 第 1 行.
[ 2012-09-28T14:08:26+08:00 ] /SHX/PinPHP/admin.php?a=menu&m=public&tag=0 | INFO: Run ParseTemplate Behavior [ RunTime:0.009694s ]
[ 2012-09-28T14:08:26+08:00 ] /SHX/PinPHP/admin.php?a=menu&m=public&tag=0 | INFO: Tag[ view_parse ] --END-- [ RunTime:0.009768s ]
[ 2012-09-28T14:08:26+08:00 ] /SHX/PinPHP/admin.php?a=menu&m=public&tag=0 | INFO: Tag[ view_filter ] --START--
[ 2012-09-28T14:08:26+08:00 ] /SHX/PinPHP/admin.php?a=menu&m=public&tag=0 | INFO: Run ContentReplace Behavior [ RunTime:0.000330s ]
[ 2012-09-28T14:08:26+08:00 ] /SHX/PinPHP/admin.php?a=menu&m=public&tag=0 | INFO: Run TokenBuild Behavior [ RunTime:0.000320s ]
[ 2012-09-28T14:08:26+08:00 ] /SHX/PinPHP/admin.php?a=menu&m=public&tag=0 | INFO: Run WriteHtmlCache Behavior [ RunTime:0.000220s ]
[ 2012-09-28T14:08:26+08:00 ] /SHX/PinPHP/admin.php?a=menu&m=public&tag=0 | INFO: Run ShowRuntime Behavior [ RunTime:0.000403s ]
[ 2012-09-28T14:08:26+08:00 ] /SHX/PinPHP/admin.php?a=menu&m=public&tag=0 | INFO: Tag[ view_filter ] --END-- [ RunTime:0.001415s ]
[ 2012-09-28T14:08:26+08:00 ] /SHX/PinPHP/admin.php?a=menu&m=public&tag=0 | INFO: Tag[ view_end ] --START--
[ 2012-09-28T14:08:26+08:00 ] /SHX/PinPHP/admin.php?a=menu&m=public&tag=0 | INFO: Run ShowPageTrace Behavior [ RunTime:0.000410s ]
[ 2012-09-28T14:08:26+08:00 ] /SHX/PinPHP/admin.php?a=menu&m=public&tag=0 | INFO: Tag[ view_end ] --END-- [ RunTime:0.000459s ]
[ 2012-09-28T14:08:28+08:00 ] /SHX/PinPHP/admin.php?a=index&m=cache | INFO: Tag[ app_begin ] --START--
[ 2012-09-28T14:08:28+08:00 ] /SHX/PinPHP/admin.php?a=index&m=cache | INFO: Run ReadHtmlCache Behavior [ RunTime:0.000724s ]
[ 2012-09-28T14:08:28+08:00 ] /SHX/PinPHP/admin.php?a=index&m=cache | INFO: Tag[ app_begin ] --END-- [ RunTime:0.000863s ]
[ 2012-09-28T14:08:28+08:00 ] /SHX/PinPHP/admin.php?a=index&m=cache | SQL: SHOW COLUMNS FROM `pp_admin` [ RunTime:0.001647s ]
[ 2012-09-28T14:08:28+08:00 ] /SHX/PinPHP/admin.php?a=index&m=cache | SQL: SHOW COLUMNS FROM `pp_items_cate` [ RunTime:0.001808s ]
[ 2012-09-28T14:08:28+08:00 ] /SHX/PinPHP/admin.php?a=index&m=cache | SQL: SHOW COLUMNS FROM `pp_user` [ RunTime:0.001874s ]
[ 2012-09-28T14:08:28+08:00 ] /SHX/PinPHP/admin.php?a=index&m=cache | SQL: SHOW COLUMNS FROM `pp_album` [ RunTime:0.001584s ]
[ 2012-09-28T14:08:28+08:00 ] /SHX/PinPHP/admin.php?a=index&m=cache | SQL: SHOW COLUMNS FROM `pp_album_cate` [ RunTime:0.001499s ]
[ 2012-09-28T14:08:28+08:00 ] /SHX/PinPHP/admin.php?a=index&m=cache | SQL: SHOW COLUMNS FROM `pp_group` [ RunTime:0.001506s ]
[ 2012-09-28T14:08:28+08:00 ] /SHX/PinPHP/admin.php?a=index&m=cache | SQL: SELECT `id`,`title` FROM `pp_group` WHERE status=1 ORDER BY sort ASC  [ RunTime:0.000448s ]
[ 2012-09-28T14:08:28+08:00 ] /SHX/PinPHP/admin.php?a=index&m=cache | SQL: SHOW COLUMNS FROM `pp_setting` [ RunTime:0.001343s ]
[ 2012-09-28T14:08:28+08:00 ] /SHX/PinPHP/admin.php?a=index&m=cache | SQL: SELECT * FROM `pp_setting`  [ RunTime:0.000554s ]
[ 2012-09-28T14:08:28+08:00 ] /SHX/PinPHP/admin.php?a=index&m=cache | NOTIC: [8] Undefined index:  iframe baseAction.class.php 第 58 行.
[ 2012-09-28T14:08:28+08:00 ] /SHX/PinPHP/admin.php?a=index&m=cache | SQL: SHOW COLUMNS FROM `pp_cache` [ RunTime:0.001745s ]
[ 2012-09-28T14:08:28+08:00 ] /SHX/PinPHP/admin.php?a=index&m=cache | SQL: SHOW COLUMNS FROM `pp_items` [ RunTime:0.002302s ]
[ 2012-09-28T14:08:28+08:00 ] /SHX/PinPHP/admin.php?a=index&m=cache | SQL: SHOW COLUMNS FROM `pp_items_cate` [ RunTime:0.002295s ]
[ 2012-09-28T14:08:28+08:00 ] /SHX/PinPHP/admin.php?a=index&m=cache | SQL: SHOW COLUMNS FROM `pp_user_comments` [ RunTime:0.001647s ]
[ 2012-09-28T14:08:28+08:00 ] /SHX/PinPHP/admin.php?a=index&m=cache | SQL: UPDATE `pp_items_cate` SET `item_nums`=0 WHERE 1=1 [ RunTime:0.002405s ]
[ 2012-09-28T14:08:28+08:00 ] /SHX/PinPHP/admin.php?a=index&m=cache | SQL: SELECT `cid`,count(id) as cate_nums FROM `pp_items` GROUP BY cid  [ RunTime:0.000558s ]
[ 2012-09-28T14:08:28+08:00 ] /SHX/PinPHP/admin.php?a=index&m=cache | SQL: UPDATE `pp_items_cate` SET `item_nums`='24' WHERE ( `id` = '118' ) [ RunTime:0.000198s ]
[ 2012-09-28T14:08:28+08:00 ] /SHX/PinPHP/admin.php?a=index&m=cache | SQL: UPDATE `pp_items_cate` SET `item_nums`='24' WHERE ( `id` = '333' ) [ RunTime:0.000164s ]
[ 2012-09-28T14:08:28+08:00 ] /SHX/PinPHP/admin.php?a=index&m=cache | SQL: UPDATE `pp_items_cate` SET `item_nums`='24' WHERE ( `id` = '349' ) [ RunTime:0.000199s ]
[ 2012-09-28T14:08:28+08:00 ] /SHX/PinPHP/admin.php?a=index&m=cache | SQL: UPDATE `pp_items_cate` SET `item_nums`='24' WHERE ( `id` = '352' ) [ RunTime:0.000133s ]
[ 2012-09-28T14:08:28+08:00 ] /SHX/PinPHP/admin.php?a=index&m=cache | SQL: UPDATE `pp_items_cate` SET `item_nums`='24' WHERE ( `id` = '353' ) [ RunTime:0.000114s ]
[ 2012-09-28T14:08:28+08:00 ] /SHX/PinPHP/admin.php?a=index&m=cache | SQL: UPDATE `pp_items_cate` SET `item_nums`='24' WHERE ( `id` = '366' ) [ RunTime:0.000117s ]
[ 2012-09-28T14:08:28+08:00 ] /SHX/PinPHP/admin.php?a=index&m=cache | SQL: UPDATE `pp_items_cate` SET `item_nums`='24' WHERE ( `id` = '376' ) [ RunTime:0.000130s ]
[ 2012-09-28T14:08:28+08:00 ] /SHX/PinPHP/admin.php?a=index&m=cache | SQL: SELECT `cid`,sum(likes) as total FROM `pp_items` GROUP BY cid  [ RunTime:0.000468s ]
[ 2012-09-28T14:08:28+08:00 ] /SHX/PinPHP/admin.php?a=index&m=cache | SQL: UPDATE `pp_items_cate` SET `item_likes`='0' WHERE ( `id` = '118' ) [ RunTime:0.000129s ]
[ 2012-09-28T14:08:28+08:00 ] /SHX/PinPHP/admin.php?a=index&m=cache | SQL: UPDATE `pp_items_cate` SET `item_likes`='0' WHERE ( `id` = '333' ) [ RunTime:0.000120s ]
[ 2012-09-28T14:08:28+08:00 ] /SHX/PinPHP/admin.php?a=index&m=cache | SQL: UPDATE `pp_items_cate` SET `item_likes`='0' WHERE ( `id` = '349' ) [ RunTime:0.000087s ]
[ 2012-09-28T14:08:28+08:00 ] /SHX/PinPHP/admin.php?a=index&m=cache | SQL: UPDATE `pp_items_cate` SET `item_likes`='0' WHERE ( `id` = '352' ) [ RunTime:0.000084s ]
[ 2012-09-28T14:08:28+08:00 ] /SHX/PinPHP/admin.php?a=index&m=cache | SQL: UPDATE `pp_items_cate` SET `item_likes`='0' WHERE ( `id` = '353' ) [ RunTime:0.000082s ]
[ 2012-09-28T14:08:28+08:00 ] /SHX/PinPHP/admin.php?a=index&m=cache | SQL: UPDATE `pp_items_cate` SET `item_likes`='0' WHERE ( `id` = '366' ) [ RunTime:0.000082s ]
[ 2012-09-28T14:08:28+08:00 ] /SHX/PinPHP/admin.php?a=index&m=cache | SQL: UPDATE `pp_items_cate` SET `item_likes`='0' WHERE ( `id` = '376' ) [ RunTime:0.000084s ]
[ 2012-09-28T14:08:28+08:00 ] /SHX/PinPHP/admin.php?a=index&m=cache | SQL: UPDATE `pp_items` SET `comments`='0' WHERE 1=1 [ RunTime:0.001638s ]
[ 2012-09-28T14:08:28+08:00 ] /SHX/PinPHP/admin.php?a=index&m=cache | SQL: SELECT `pid`,count(pid) as total FROM `pp_user_comments` WHERE type='item' and status='1' GROUP BY pid  [ RunTime:0.000184s ]
[ 2012-09-28T14:08:28+08:00 ] /SHX/PinPHP/admin.php?a=index&m=cache | NOTIC: [2] Invalid argument supplied for foreach() cacheAction.class.php 第 78 行.
[ 2012-09-28T14:08:28+08:00 ] /SHX/PinPHP/admin.php?a=index&m=cache | INFO: Tag[ view_template ] --START--
[ 2012-09-28T14:08:28+08:00 ] /SHX/PinPHP/admin.php?a=index&m=cache | INFO: Run LocationTemplate Behavior [ RunTime:0.001291s ]
[ 2012-09-28T14:08:28+08:00 ] /SHX/PinPHP/admin.php?a=index&m=cache | INFO: Tag[ view_template ] --END-- [ RunTime:0.001347s ]
[ 2012-09-28T14:08:28+08:00 ] /SHX/PinPHP/admin.php?a=index&m=cache | INFO: Tag[ view_parse ] --START--
[ 2012-09-28T14:08:28+08:00 ] /SHX/PinPHP/admin.php?a=index&m=cache | NOTIC: [8] Undefined variable: sub_menu 5cdd149056100dfb7a8e20a3e8307427.php 第 36 行.
[ 2012-09-28T14:08:28+08:00 ] /SHX/PinPHP/admin.php?a=index&m=cache | NOTIC: [8] Undefined variable: big_menu 5cdd149056100dfb7a8e20a3e8307427.php 第 36 行.
[ 2012-09-28T14:08:28+08:00 ] /SHX/PinPHP/admin.php?a=index&m=cache | INFO: Run ParseTemplate Behavior [ RunTime:0.011292s ]
[ 2012-09-28T14:08:28+08:00 ] /SHX/PinPHP/admin.php?a=index&m=cache | INFO: Tag[ view_parse ] --END-- [ RunTime:0.011354s ]
[ 2012-09-28T14:08:28+08:00 ] /SHX/PinPHP/admin.php?a=index&m=cache | INFO: Tag[ view_filter ] --START--
[ 2012-09-28T14:08:28+08:00 ] /SHX/PinPHP/admin.php?a=index&m=cache | INFO: Run ContentReplace Behavior [ RunTime:0.000316s ]
[ 2012-09-28T14:08:28+08:00 ] /SHX/PinPHP/admin.php?a=index&m=cache | INFO: Run TokenBuild Behavior [ RunTime:0.000327s ]
[ 2012-09-28T14:08:28+08:00 ] /SHX/PinPHP/admin.php?a=index&m=cache | INFO: Run WriteHtmlCache Behavior [ RunTime:0.000203s ]
[ 2012-09-28T14:08:28+08:00 ] /SHX/PinPHP/admin.php?a=index&m=cache | INFO: Run ShowRuntime Behavior [ RunTime:0.000361s ]
[ 2012-09-28T14:08:28+08:00 ] /SHX/PinPHP/admin.php?a=index&m=cache | INFO: Tag[ view_filter ] --END-- [ RunTime:0.001351s ]
[ 2012-09-28T14:08:28+08:00 ] /SHX/PinPHP/admin.php?a=index&m=cache | INFO: Tag[ view_end ] --START--
[ 2012-09-28T14:08:28+08:00 ] /SHX/PinPHP/admin.php?a=index&m=cache | INFO: Run ShowPageTrace Behavior [ RunTime:0.000346s ]
[ 2012-09-28T14:08:28+08:00 ] /SHX/PinPHP/admin.php?a=index&m=cache | INFO: Tag[ view_end ] --END-- [ RunTime:0.000394s ]
[ 2012-09-28T14:08:33+08:00 ] /SHX/PinPHP/admin.php?a=index&m=cache | INFO: Tag[ app_begin ] --START--
[ 2012-09-28T14:08:33+08:00 ] /SHX/PinPHP/admin.php?a=index&m=cache | INFO: Run ReadHtmlCache Behavior [ RunTime:0.001282s ]
[ 2012-09-28T14:08:33+08:00 ] /SHX/PinPHP/admin.php?a=index&m=cache | INFO: Tag[ app_begin ] --END-- [ RunTime:0.001380s ]
[ 2012-09-28T14:08:33+08:00 ] /SHX/PinPHP/admin.php?a=index&m=cache | SQL: SHOW COLUMNS FROM `pp_admin` [ RunTime:0.001839s ]
[ 2012-09-28T14:08:33+08:00 ] /SHX/PinPHP/admin.php?a=index&m=cache | SQL: SHOW COLUMNS FROM `pp_items_cate` [ RunTime:0.001671s ]
[ 2012-09-28T14:08:33+08:00 ] /SHX/PinPHP/admin.php?a=index&m=cache | SQL: SHOW COLUMNS FROM `pp_user` [ RunTime:0.001745s ]
[ 2012-09-28T14:08:33+08:00 ] /SHX/PinPHP/admin.php?a=index&m=cache | SQL: SHOW COLUMNS FROM `pp_album` [ RunTime:0.001534s ]
[ 2012-09-28T14:08:33+08:00 ] /SHX/PinPHP/admin.php?a=index&m=cache | SQL: SHOW COLUMNS FROM `pp_album_cate` [ RunTime:0.001507s ]
[ 2012-09-28T14:08:33+08:00 ] /SHX/PinPHP/admin.php?a=index&m=cache | SQL: SHOW COLUMNS FROM `pp_group` [ RunTime:0.001477s ]
[ 2012-09-28T14:08:33+08:00 ] /SHX/PinPHP/admin.php?a=index&m=cache | SQL: SELECT `id`,`title` FROM `pp_group` WHERE status=1 ORDER BY sort ASC  [ RunTime:0.000516s ]
[ 2012-09-28T14:08:33+08:00 ] /SHX/PinPHP/admin.php?a=index&m=cache | SQL: SHOW COLUMNS FROM `pp_setting` [ RunTime:0.001342s ]
[ 2012-09-28T14:08:33+08:00 ] /SHX/PinPHP/admin.php?a=index&m=cache | SQL: SELECT * FROM `pp_setting`  [ RunTime:0.000553s ]
[ 2012-09-28T14:08:33+08:00 ] /SHX/PinPHP/admin.php?a=index&m=cache | NOTIC: [8] Undefined index:  iframe baseAction.class.php 第 58 行.
[ 2012-09-28T14:08:33+08:00 ] /SHX/PinPHP/admin.php?a=index&m=cache | SQL: SHOW COLUMNS FROM `pp_cache` [ RunTime:0.001626s ]
[ 2012-09-28T14:08:33+08:00 ] /SHX/PinPHP/admin.php?a=index&m=cache | SQL: SHOW COLUMNS FROM `pp_items` [ RunTime:0.001828s ]
[ 2012-09-28T14:08:33+08:00 ] /SHX/PinPHP/admin.php?a=index&m=cache | SQL: SHOW COLUMNS FROM `pp_items_cate` [ RunTime:0.002110s ]
[ 2012-09-28T14:08:33+08:00 ] /SHX/PinPHP/admin.php?a=index&m=cache | SQL: SHOW COLUMNS FROM `pp_user_comments` [ RunTime:0.002294s ]
[ 2012-09-28T14:08:33+08:00 ] /SHX/PinPHP/admin.php?a=index&m=cache | SQL: UPDATE `pp_items_cate` SET `item_nums`=0 WHERE 1=1 [ RunTime:0.002514s ]
[ 2012-09-28T14:08:33+08:00 ] /SHX/PinPHP/admin.php?a=index&m=cache | SQL: SELECT `cid`,count(id) as cate_nums FROM `pp_items` GROUP BY cid  [ RunTime:0.000587s ]
[ 2012-09-28T14:08:33+08:00 ] /SHX/PinPHP/admin.php?a=index&m=cache | SQL: UPDATE `pp_items_cate` SET `item_nums`='24' WHERE ( `id` = '118' ) [ RunTime:0.000253s ]
[ 2012-09-28T14:08:33+08:00 ] /SHX/PinPHP/admin.php?a=index&m=cache | SQL: UPDATE `pp_items_cate` SET `item_nums`='24' WHERE ( `id` = '333' ) [ RunTime:0.000223s ]
[ 2012-09-28T14:08:33+08:00 ] /SHX/PinPHP/admin.php?a=index&m=cache | SQL: UPDATE `pp_items_cate` SET `item_nums`='24' WHERE ( `id` = '349' ) [ RunTime:0.000190s ]
[ 2012-09-28T14:08:33+08:00 ] /SHX/PinPHP/admin.php?a=index&m=cache | SQL: UPDATE `pp_items_cate` SET `item_nums`='24' WHERE ( `id` = '352' ) [ RunTime:0.000172s ]
[ 2012-09-28T14:08:33+08:00 ] /SHX/PinPHP/admin.php?a=index&m=cache | SQL: UPDATE `pp_items_cate` SET `item_nums`='24' WHERE ( `id` = '353' ) [ RunTime:0.000168s ]
[ 2012-09-28T14:08:33+08:00 ] /SHX/PinPHP/admin.php?a=index&m=cache | SQL: UPDATE `pp_items_cate` SET `item_nums`='24' WHERE ( `id` = '366' ) [ RunTime:0.000164s ]
[ 2012-09-28T14:08:33+08:00 ] /SHX/PinPHP/admin.php?a=index&m=cache | SQL: UPDATE `pp_items_cate` SET `item_nums`='24' WHERE ( `id` = '376' ) [ RunTime:0.000146s ]
[ 2012-09-28T14:08:33+08:00 ] /SHX/PinPHP/admin.php?a=index&m=cache | SQL: SELECT `cid`,sum(likes) as total FROM `pp_items` GROUP BY cid  [ RunTime:0.000444s ]
[ 2012-09-28T14:08:33+08:00 ] /SHX/PinPHP/admin.php?a=index&m=cache | SQL: UPDATE `pp_items_cate` SET `item_likes`='0' WHERE ( `id` = '118' ) [ RunTime:0.000095s ]
[ 2012-09-28T14:08:33+08:00 ] /SHX/PinPHP/admin.php?a=index&m=cache | SQL: UPDATE `pp_items_cate` SET `item_likes`='0' WHERE ( `id` = '333' ) [ RunTime:0.000085s ]
[ 2012-09-28T14:08:33+08:00 ] /SHX/PinPHP/admin.php?a=index&m=cache | SQL: UPDATE `pp_items_cate` SET `item_likes`='0' WHERE ( `id` = '349' ) [ RunTime:0.000083s ]
[ 2012-09-28T14:08:33+08:00 ] /SHX/PinPHP/admin.php?a=index&m=cache | SQL: UPDATE `pp_items_cate` SET `item_likes`='0' WHERE ( `id` = '352' ) [ RunTime:0.000081s ]
[ 2012-09-28T14:08:33+08:00 ] /SHX/PinPHP/admin.php?a=index&m=cache | SQL: UPDATE `pp_items_cate` SET `item_likes`='0' WHERE ( `id` = '353' ) [ RunTime:0.000082s ]
[ 2012-09-28T14:08:33+08:00 ] /SHX/PinPHP/admin.php?a=index&m=cache | SQL: UPDATE `pp_items_cate` SET `item_likes`='0' WHERE ( `id` = '366' ) [ RunTime:0.000082s ]
[ 2012-09-28T14:08:33+08:00 ] /SHX/PinPHP/admin.php?a=index&m=cache | SQL: UPDATE `pp_items_cate` SET `item_likes`='0' WHERE ( `id` = '376' ) [ RunTime:0.000081s ]
[ 2012-09-28T14:08:33+08:00 ] /SHX/PinPHP/admin.php?a=index&m=cache | SQL: UPDATE `pp_items` SET `comments`='0' WHERE 1=1 [ RunTime:0.001530s ]
[ 2012-09-28T14:08:33+08:00 ] /SHX/PinPHP/admin.php?a=index&m=cache | SQL: SELECT `pid`,count(pid) as total FROM `pp_user_comments` WHERE type='item' and status='1' GROUP BY pid  [ RunTime:0.000164s ]
[ 2012-09-28T14:08:33+08:00 ] /SHX/PinPHP/admin.php?a=index&m=cache | NOTIC: [2] Invalid argument supplied for foreach() cacheAction.class.php 第 78 行.
[ 2012-09-28T14:08:33+08:00 ] /SHX/PinPHP/admin.php?a=index&m=cache | INFO: Tag[ view_template ] --START--
[ 2012-09-28T14:08:33+08:00 ] /SHX/PinPHP/admin.php?a=index&m=cache | INFO: Run LocationTemplate Behavior [ RunTime:0.001100s ]
[ 2012-09-28T14:08:33+08:00 ] /SHX/PinPHP/admin.php?a=index&m=cache | INFO: Tag[ view_template ] --END-- [ RunTime:0.001155s ]
[ 2012-09-28T14:08:33+08:00 ] /SHX/PinPHP/admin.php?a=index&m=cache | INFO: Tag[ view_parse ] --START--
[ 2012-09-28T14:08:33+08:00 ] /SHX/PinPHP/admin.php?a=index&m=cache | NOTIC: [8] Undefined variable: sub_menu 5cdd149056100dfb7a8e20a3e8307427.php 第 36 行.
[ 2012-09-28T14:08:33+08:00 ] /SHX/PinPHP/admin.php?a=index&m=cache | NOTIC: [8] Undefined variable: big_menu 5cdd149056100dfb7a8e20a3e8307427.php 第 36 行.
[ 2012-09-28T14:08:33+08:00 ] /SHX/PinPHP/admin.php?a=index&m=cache | INFO: Run ParseTemplate Behavior [ RunTime:0.010663s ]
[ 2012-09-28T14:08:33+08:00 ] /SHX/PinPHP/admin.php?a=index&m=cache | INFO: Tag[ view_parse ] --END-- [ RunTime:0.010726s ]
[ 2012-09-28T14:08:33+08:00 ] /SHX/PinPHP/admin.php?a=index&m=cache | INFO: Tag[ view_filter ] --START--
[ 2012-09-28T14:08:33+08:00 ] /SHX/PinPHP/admin.php?a=index&m=cache | INFO: Run ContentReplace Behavior [ RunTime:0.000322s ]
[ 2012-09-28T14:08:33+08:00 ] /SHX/PinPHP/admin.php?a=index&m=cache | INFO: Run TokenBuild Behavior [ RunTime:0.000331s ]
[ 2012-09-28T14:08:33+08:00 ] /SHX/PinPHP/admin.php?a=index&m=cache | INFO: Run WriteHtmlCache Behavior [ RunTime:0.000203s ]
[ 2012-09-28T14:08:33+08:00 ] /SHX/PinPHP/admin.php?a=index&m=cache | INFO: Run ShowRuntime Behavior [ RunTime:0.000362s ]
[ 2012-09-28T14:08:33+08:00 ] /SHX/PinPHP/admin.php?a=index&m=cache | INFO: Tag[ view_filter ] --END-- [ RunTime:0.001354s ]
[ 2012-09-28T14:08:33+08:00 ] /SHX/PinPHP/admin.php?a=index&m=cache | INFO: Tag[ view_end ] --START--
[ 2012-09-28T14:08:33+08:00 ] /SHX/PinPHP/admin.php?a=index&m=cache | INFO: Run ShowPageTrace Behavior [ RunTime:0.000354s ]
[ 2012-09-28T14:08:33+08:00 ] /SHX/PinPHP/admin.php?a=index&m=cache | INFO: Tag[ view_end ] --END-- [ RunTime:0.000402s ]
[ 2012-09-28T14:15:54+08:00 ] /SHX/PinPHP/admin.php | INFO: Tag[ app_begin ] --START--
[ 2012-09-28T14:15:54+08:00 ] /SHX/PinPHP/admin.php | INFO: Run ReadHtmlCache Behavior [ RunTime:0.001474s ]
[ 2012-09-28T14:15:54+08:00 ] /SHX/PinPHP/admin.php | INFO: Tag[ app_begin ] --END-- [ RunTime:0.001592s ]
[ 2012-09-28T14:15:54+08:00 ] /SHX/PinPHP/admin.php | SQL: SHOW COLUMNS FROM `pp_admin` [ RunTime:0.001730s ]
[ 2012-09-28T14:15:54+08:00 ] /SHX/PinPHP/admin.php | SQL: SHOW COLUMNS FROM `pp_items_cate` [ RunTime:0.001710s ]
[ 2012-09-28T14:15:54+08:00 ] /SHX/PinPHP/admin.php | SQL: SHOW COLUMNS FROM `pp_user` [ RunTime:0.002351s ]
[ 2012-09-28T14:15:54+08:00 ] /SHX/PinPHP/admin.php | SQL: SHOW COLUMNS FROM `pp_album` [ RunTime:0.001710s ]
[ 2012-09-28T14:15:54+08:00 ] /SHX/PinPHP/admin.php | SQL: SHOW COLUMNS FROM `pp_album_cate` [ RunTime:0.001673s ]
[ 2012-09-28T14:15:54+08:00 ] /SHX/PinPHP/admin.php | SQL: SHOW COLUMNS FROM `pp_group` [ RunTime:0.001585s ]
[ 2012-09-28T14:15:54+08:00 ] /SHX/PinPHP/admin.php | SQL: SELECT `id`,`title` FROM `pp_group` WHERE status=1 ORDER BY sort ASC  [ RunTime:0.000492s ]
[ 2012-09-28T14:15:54+08:00 ] /SHX/PinPHP/admin.php | SQL: SHOW COLUMNS FROM `pp_setting` [ RunTime:0.001338s ]
[ 2012-09-28T14:15:54+08:00 ] /SHX/PinPHP/admin.php | SQL: SELECT * FROM `pp_setting`  [ RunTime:0.000561s ]
[ 2012-09-28T14:15:54+08:00 ] /SHX/PinPHP/admin.php | NOTIC: [8] Undefined index:  iframe baseAction.class.php 第 58 行.
[ 2012-09-28T14:15:54+08:00 ] /SHX/PinPHP/admin.php | SQL: SHOW COLUMNS FROM `pp_items` [ RunTime:0.001770s ]
[ 2012-09-28T14:15:54+08:00 ] /SHX/PinPHP/admin.php | SQL: SHOW COLUMNS FROM `pp_items_cate` [ RunTime:0.001982s ]
[ 2012-09-28T14:15:54+08:00 ] /SHX/PinPHP/admin.php | SQL: SELECT `cid`,count(id) as cate_nums FROM `pp_items` GROUP BY cid  [ RunTime:0.000788s ]
[ 2012-09-28T14:15:54+08:00 ] /SHX/PinPHP/admin.php | SQL: UPDATE `pp_items_cate` SET `item_nums`='24' WHERE ( `id` = '118' ) [ RunTime:0.000199s ]
[ 2012-09-28T14:15:54+08:00 ] /SHX/PinPHP/admin.php | SQL: UPDATE `pp_items_cate` SET `item_nums`='24' WHERE ( `id` = '333' ) [ RunTime:0.000224s ]
[ 2012-09-28T14:15:54+08:00 ] /SHX/PinPHP/admin.php | SQL: UPDATE `pp_items_cate` SET `item_nums`='24' WHERE ( `id` = '349' ) [ RunTime:0.000252s ]
[ 2012-09-28T14:15:54+08:00 ] /SHX/PinPHP/admin.php | SQL: UPDATE `pp_items_cate` SET `item_nums`='24' WHERE ( `id` = '352' ) [ RunTime:0.000187s ]
[ 2012-09-28T14:15:54+08:00 ] /SHX/PinPHP/admin.php | SQL: UPDATE `pp_items_cate` SET `item_nums`='24' WHERE ( `id` = '353' ) [ RunTime:0.000182s ]
[ 2012-09-28T14:15:54+08:00 ] /SHX/PinPHP/admin.php | SQL: UPDATE `pp_items_cate` SET `item_nums`='24' WHERE ( `id` = '366' ) [ RunTime:0.000133s ]
[ 2012-09-28T14:15:54+08:00 ] /SHX/PinPHP/admin.php | SQL: UPDATE `pp_items_cate` SET `item_nums`='24' WHERE ( `id` = '376' ) [ RunTime:0.000128s ]
[ 2012-09-28T14:15:54+08:00 ] /SHX/PinPHP/admin.php | INFO: Tag[ view_template ] --START--
[ 2012-09-28T14:15:54+08:00 ] /SHX/PinPHP/admin.php | INFO: Run LocationTemplate Behavior [ RunTime:0.001926s ]
[ 2012-09-28T14:15:54+08:00 ] /SHX/PinPHP/admin.php | INFO: Tag[ view_template ] --END-- [ RunTime:0.001993s ]
[ 2012-09-28T14:15:54+08:00 ] /SHX/PinPHP/admin.php | INFO: Tag[ view_parse ] --START--
[ 2012-09-28T14:15:54+08:00 ] /SHX/PinPHP/admin.php | NOTIC: [8] Undefined variable: lang 61acf2961088e1c8be817cc708b9bd0a.php 第 41 行.
[ 2012-09-28T14:15:54+08:00 ] /SHX/PinPHP/admin.php | INFO: Run ParseTemplate Behavior [ RunTime:0.013762s ]
[ 2012-09-28T14:15:54+08:00 ] /SHX/PinPHP/admin.php | INFO: Tag[ view_parse ] --END-- [ RunTime:0.013825s ]
[ 2012-09-28T14:15:54+08:00 ] /SHX/PinPHP/admin.php | INFO: Tag[ view_filter ] --START--
[ 2012-09-28T14:15:54+08:00 ] /SHX/PinPHP/admin.php | INFO: Run ContentReplace Behavior [ RunTime:0.000918s ]
[ 2012-09-28T14:15:54+08:00 ] /SHX/PinPHP/admin.php | INFO: Run TokenBuild Behavior [ RunTime:0.000885s ]
[ 2012-09-28T14:15:54+08:00 ] /SHX/PinPHP/admin.php | INFO: Run WriteHtmlCache Behavior [ RunTime:0.000757s ]
[ 2012-09-28T14:15:54+08:00 ] /SHX/PinPHP/admin.php | INFO: Run ShowRuntime Behavior [ RunTime:0.000925s ]
[ 2012-09-28T14:15:54+08:00 ] /SHX/PinPHP/admin.php | INFO: Tag[ view_filter ] --END-- [ RunTime:0.003632s ]
[ 2012-09-28T14:15:54+08:00 ] /SHX/PinPHP/admin.php | INFO: Tag[ view_end ] --START--
[ 2012-09-28T14:15:54+08:00 ] /SHX/PinPHP/admin.php | INFO: Run ShowPageTrace Behavior [ RunTime:0.000995s ]
[ 2012-09-28T14:15:54+08:00 ] /SHX/PinPHP/admin.php | INFO: Tag[ view_end ] --END-- [ RunTime:0.001054s ]
[ 2012-09-28T14:15:54+08:00 ] /SHX/PinPHP/admin.php?a=panel&m=public | INFO: Tag[ app_begin ] --START--
[ 2012-09-28T14:15:54+08:00 ] /SHX/PinPHP/admin.php?a=panel&m=public | INFO: Run ReadHtmlCache Behavior [ RunTime:0.001076s ]
[ 2012-09-28T14:15:54+08:00 ] /SHX/PinPHP/admin.php?a=panel&m=public | INFO: Tag[ app_begin ] --END-- [ RunTime:0.001172s ]
[ 2012-09-28T14:15:54+08:00 ] /SHX/PinPHP/admin.php?a=panel&m=public | SQL: SHOW COLUMNS FROM `pp_admin` [ RunTime:0.001928s ]
[ 2012-09-28T14:15:54+08:00 ] /SHX/PinPHP/admin.php?a=panel&m=public | SQL: SHOW COLUMNS FROM `pp_items_cate` [ RunTime:0.001699s ]
[ 2012-09-28T14:15:54+08:00 ] /SHX/PinPHP/admin.php?a=panel&m=public | SQL: SHOW COLUMNS FROM `pp_user` [ RunTime:0.001757s ]
[ 2012-09-28T14:15:54+08:00 ] /SHX/PinPHP/admin.php?a=panel&m=public | SQL: SHOW COLUMNS FROM `pp_album` [ RunTime:0.001517s ]
[ 2012-09-28T14:15:54+08:00 ] /SHX/PinPHP/admin.php?a=panel&m=public | SQL: SHOW COLUMNS FROM `pp_album_cate` [ RunTime:0.001579s ]
[ 2012-09-28T14:15:54+08:00 ] /SHX/PinPHP/admin.php?a=panel&m=public | SQL: SHOW COLUMNS FROM `pp_group` [ RunTime:0.001963s ]
[ 2012-09-28T14:15:54+08:00 ] /SHX/PinPHP/admin.php?a=panel&m=public | SQL: SELECT `id`,`title` FROM `pp_group` WHERE status=1 ORDER BY sort ASC  [ RunTime:0.000638s ]
[ 2012-09-28T14:15:54+08:00 ] /SHX/PinPHP/admin.php?a=panel&m=public | SQL: SHOW COLUMNS FROM `pp_setting` [ RunTime:0.001727s ]
[ 2012-09-28T14:15:54+08:00 ] /SHX/PinPHP/admin.php?a=panel&m=public | SQL: SELECT * FROM `pp_setting`  [ RunTime:0.000877s ]
[ 2012-09-28T14:15:54+08:00 ] /SHX/PinPHP/admin.php?a=panel&m=public | NOTIC: [8] Undefined index:  iframe baseAction.class.php 第 58 行.
[ 2012-09-28T14:15:54+08:00 ] /SHX/PinPHP/admin.php?a=panel&m=public | SQL: SHOW COLUMNS FROM `pp_role` [ RunTime:0.001875s ]
[ 2012-09-28T14:15:54+08:00 ] /SHX/PinPHP/admin.php?a=panel&m=public | SQL: SELECT * FROM `pp_role` WHERE id=1 LIMIT 1   [ RunTime:0.000641s ]
[ 2012-09-28T14:15:54+08:00 ] /SHX/PinPHP/admin.php?a=panel&m=public | INFO: Tag[ view_template ] --START--
[ 2012-09-28T14:15:54+08:00 ] /SHX/PinPHP/admin.php?a=panel&m=public | INFO: Run LocationTemplate Behavior [ RunTime:0.002072s ]
[ 2012-09-28T14:15:54+08:00 ] /SHX/PinPHP/admin.php?a=panel&m=public | INFO: Tag[ view_template ] --END-- [ RunTime:0.002143s ]
[ 2012-09-28T14:15:54+08:00 ] /SHX/PinPHP/admin.php?a=panel&m=public | INFO: Tag[ view_parse ] --START--
[ 2012-09-28T14:15:54+08:00 ] /SHX/PinPHP/admin.php?a=panel&m=public | NOTIC: [8] Undefined variable: sub_menu 987c9db608489a54aaba6faa6bc56bce.php 第 36 行.
[ 2012-09-28T14:15:54+08:00 ] /SHX/PinPHP/admin.php?a=panel&m=public | NOTIC: [8] Undefined variable: big_menu 987c9db608489a54aaba6faa6bc56bce.php 第 36 行.
[ 2012-09-28T14:15:54+08:00 ] /SHX/PinPHP/admin.php?a=panel&m=public | INFO: Run ParseTemplate Behavior [ RunTime:0.015549s ]
[ 2012-09-28T14:15:54+08:00 ] /SHX/PinPHP/admin.php?a=panel&m=public | INFO: Tag[ view_parse ] --END-- [ RunTime:0.015622s ]
[ 2012-09-28T14:15:54+08:00 ] /SHX/PinPHP/admin.php?a=panel&m=public | INFO: Tag[ view_filter ] --START--
[ 2012-09-28T14:15:54+08:00 ] /SHX/PinPHP/admin.php?a=panel&m=public | INFO: Run ContentReplace Behavior [ RunTime:0.001019s ]
[ 2012-09-28T14:15:54+08:00 ] /SHX/PinPHP/admin.php?a=panel&m=public | INFO: Run TokenBuild Behavior [ RunTime:0.001121s ]
[ 2012-09-28T14:15:54+08:00 ] /SHX/PinPHP/admin.php?a=panel&m=public | INFO: Run WriteHtmlCache Behavior [ RunTime:0.001503s ]
[ 2012-09-28T14:15:54+08:00 ] /SHX/PinPHP/admin.php?a=panel&m=public | INFO: Run ShowRuntime Behavior [ RunTime:0.001112s ]
[ 2012-09-28T14:15:54+08:00 ] /SHX/PinPHP/admin.php?a=panel&m=public | INFO: Tag[ view_filter ] --END-- [ RunTime:0.004947s ]
[ 2012-09-28T14:15:54+08:00 ] /SHX/PinPHP/admin.php?a=panel&m=public | INFO: Tag[ view_end ] --START--
[ 2012-09-28T14:15:54+08:00 ] /SHX/PinPHP/admin.php?a=panel&m=public | INFO: Run ShowPageTrace Behavior [ RunTime:0.001753s ]
[ 2012-09-28T14:15:54+08:00 ] /SHX/PinPHP/admin.php?a=panel&m=public | INFO: Tag[ view_end ] --END-- [ RunTime:0.001855s ]
[ 2012-09-28T14:15:54+08:00 ] /SHX/PinPHP/admin.php?a=menu&m=public&tag=0 | INFO: Tag[ app_begin ] --START--
[ 2012-09-28T14:15:54+08:00 ] /SHX/PinPHP/admin.php?a=menu&m=public&tag=0 | INFO: Run ReadHtmlCache Behavior [ RunTime:0.001242s ]
[ 2012-09-28T14:15:54+08:00 ] /SHX/PinPHP/admin.php?a=menu&m=public&tag=0 | INFO: Tag[ app_begin ] --END-- [ RunTime:0.001397s ]
[ 2012-09-28T14:15:54+08:00 ] /SHX/PinPHP/admin.php?a=menu&m=public&tag=0 | SQL: SHOW COLUMNS FROM `pp_admin` [ RunTime:0.001677s ]
[ 2012-09-28T14:15:54+08:00 ] /SHX/PinPHP/admin.php?a=menu&m=public&tag=0 | SQL: SHOW COLUMNS FROM `pp_items_cate` [ RunTime:0.001701s ]
[ 2012-09-28T14:15:54+08:00 ] /SHX/PinPHP/admin.php?a=menu&m=public&tag=0 | SQL: SHOW COLUMNS FROM `pp_user` [ RunTime:0.002064s ]
[ 2012-09-28T14:15:54+08:00 ] /SHX/PinPHP/admin.php?a=menu&m=public&tag=0 | SQL: SHOW COLUMNS FROM `pp_album` [ RunTime:0.002023s ]
[ 2012-09-28T14:15:54+08:00 ] /SHX/PinPHP/admin.php?a=menu&m=public&tag=0 | SQL: SHOW COLUMNS FROM `pp_album_cate` [ RunTime:0.001787s ]
[ 2012-09-28T14:15:54+08:00 ] /SHX/PinPHP/admin.php?a=menu&m=public&tag=0 | SQL: SHOW COLUMNS FROM `pp_group` [ RunTime:0.001642s ]
[ 2012-09-28T14:15:54+08:00 ] /SHX/PinPHP/admin.php?a=menu&m=public&tag=0 | SQL: SELECT `id`,`title` FROM `pp_group` WHERE status=1 ORDER BY sort ASC  [ RunTime:0.000620s ]
[ 2012-09-28T14:15:54+08:00 ] /SHX/PinPHP/admin.php?a=menu&m=public&tag=0 | SQL: SHOW COLUMNS FROM `pp_setting` [ RunTime:0.001360s ]
[ 2012-09-28T14:15:54+08:00 ] /SHX/PinPHP/admin.php?a=menu&m=public&tag=0 | SQL: SELECT * FROM `pp_setting`  [ RunTime:0.000610s ]
[ 2012-09-28T14:15:54+08:00 ] /SHX/PinPHP/admin.php?a=menu&m=public&tag=0 | NOTIC: [8] Undefined index:  iframe baseAction.class.php 第 58 行.
[ 2012-09-28T14:15:54+08:00 ] /SHX/PinPHP/admin.php?a=menu&m=public&tag=0 | SQL: SHOW COLUMNS FROM `pp_admin` [ RunTime:0.001575s ]
[ 2012-09-28T14:15:54+08:00 ] /SHX/PinPHP/admin.php?a=menu&m=public&tag=0 | SQL: SELECT `role_id` FROM `pp_admin` WHERE id=1 LIMIT 1   [ RunTime:0.000523s ]
[ 2012-09-28T14:15:54+08:00 ] /SHX/PinPHP/admin.php?a=menu&m=public&tag=0 | SQL: SHOW COLUMNS FROM `pp_access` [ RunTime:0.001551s ]
[ 2012-09-28T14:15:54+08:00 ] /SHX/PinPHP/admin.php?a=menu&m=public&tag=0 | SQL: SELECT `node_id` FROM `pp_access` WHERE role_id=1  [ RunTime:0.000746s ]
[ 2012-09-28T14:15:54+08:00 ] /SHX/PinPHP/admin.php?a=menu&m=public&tag=0 | SQL: SHOW COLUMNS FROM `pp_node` [ RunTime:0.001814s ]
[ 2012-09-28T14:15:54+08:00 ] /SHX/PinPHP/admin.php?a=menu&m=public&tag=0 | SQL: SELECT `id`,`action`,`action_name`,`module`,`module_name`,`data` FROM `pp_node` WHERE auth_type<>2 AND status=1 AND is_show=0 AND group_id=6 ORDER BY sort DESC  [ RunTime:0.000601s ]
[ 2012-09-28T14:15:54+08:00 ] /SHX/PinPHP/admin.php?a=menu&m=public&tag=0 | NOTIC: [8] Undefined offset:  1 publicAction.class.php 第 31 行.
[ 2012-09-28T14:15:54+08:00 ] /SHX/PinPHP/admin.php?a=menu&m=public&tag=0 | INFO: Tag[ view_template ] --START--
[ 2012-09-28T14:15:54+08:00 ] /SHX/PinPHP/admin.php?a=menu&m=public&tag=0 | INFO: Run LocationTemplate Behavior [ RunTime:0.001247s ]
[ 2012-09-28T14:15:54+08:00 ] /SHX/PinPHP/admin.php?a=menu&m=public&tag=0 | INFO: Tag[ view_template ] --END-- [ RunTime:0.001309s ]
[ 2012-09-28T14:15:54+08:00 ] /SHX/PinPHP/admin.php?a=menu&m=public&tag=0 | INFO: Tag[ view_parse ] --START--
[ 2012-09-28T14:15:54+08:00 ] /SHX/PinPHP/admin.php?a=menu&m=public&tag=0 | NOTIC: [8] Undefined variable: lang 7cb575b33561d89a8912b1581f6b6fb7.php 第 1 行.
[ 2012-09-28T14:15:54+08:00 ] /SHX/PinPHP/admin.php?a=menu&m=public&tag=0 | NOTIC: [8] Undefined variable: lang 7cb575b33561d89a8912b1581f6b6fb7.php 第 1 行.
[ 2012-09-28T14:15:54+08:00 ] /SHX/PinPHP/admin.php?a=menu&m=public&tag=0 | NOTIC: [8] Undefined variable: lang 7cb575b33561d89a8912b1581f6b6fb7.php 第 1 行.
[ 2012-09-28T14:15:54+08:00 ] /SHX/PinPHP/admin.php?a=menu&m=public&tag=0 | NOTIC: [8] Undefined variable: lang 7cb575b33561d89a8912b1581f6b6fb7.php 第 1 行.
[ 2012-09-28T14:15:54+08:00 ] /SHX/PinPHP/admin.php?a=menu&m=public&tag=0 | INFO: Run ParseTemplate Behavior [ RunTime:0.009239s ]
[ 2012-09-28T14:15:54+08:00 ] /SHX/PinPHP/admin.php?a=menu&m=public&tag=0 | INFO: Tag[ view_parse ] --END-- [ RunTime:0.009320s ]
[ 2012-09-28T14:15:54+08:00 ] /SHX/PinPHP/admin.php?a=menu&m=public&tag=0 | INFO: Tag[ view_filter ] --START--
[ 2012-09-28T14:15:54+08:00 ] /SHX/PinPHP/admin.php?a=menu&m=public&tag=0 | INFO: Run ContentReplace Behavior [ RunTime:0.000304s ]
[ 2012-09-28T14:15:54+08:00 ] /SHX/PinPHP/admin.php?a=menu&m=public&tag=0 | INFO: Run TokenBuild Behavior [ RunTime:0.000314s ]
[ 2012-09-28T14:15:54+08:00 ] /SHX/PinPHP/admin.php?a=menu&m=public&tag=0 | INFO: Run WriteHtmlCache Behavior [ RunTime:0.000202s ]
[ 2012-09-28T14:15:54+08:00 ] /SHX/PinPHP/admin.php?a=menu&m=public&tag=0 | INFO: Run ShowRuntime Behavior [ RunTime:0.000358s ]
[ 2012-09-28T14:15:54+08:00 ] /SHX/PinPHP/admin.php?a=menu&m=public&tag=0 | INFO: Tag[ view_filter ] --END-- [ RunTime:0.001320s ]
[ 2012-09-28T14:15:54+08:00 ] /SHX/PinPHP/admin.php?a=menu&m=public&tag=0 | INFO: Tag[ view_end ] --START--
[ 2012-09-28T14:15:54+08:00 ] /SHX/PinPHP/admin.php?a=menu&m=public&tag=0 | INFO: Run ShowPageTrace Behavior [ RunTime:0.000352s ]
[ 2012-09-28T14:15:54+08:00 ] /SHX/PinPHP/admin.php?a=menu&m=public&tag=0 | INFO: Tag[ view_end ] --END-- [ RunTime:0.000402s ]
[ 2012-09-28T14:44:23+08:00 ] /SHX/PinPHP/admin.php?a=index&m=cache | INFO: Tag[ app_begin ] --START--
[ 2012-09-28T14:44:23+08:00 ] /SHX/PinPHP/admin.php?a=index&m=cache | INFO: Run ReadHtmlCache Behavior [ RunTime:0.001118s ]
[ 2012-09-28T14:44:23+08:00 ] /SHX/PinPHP/admin.php?a=index&m=cache | INFO: Tag[ app_begin ] --END-- [ RunTime:0.001219s ]
[ 2012-09-28T14:44:23+08:00 ] /SHX/PinPHP/admin.php?a=index&m=cache | SQL: SHOW COLUMNS FROM `pp_admin` [ RunTime:0.001813s ]
[ 2012-09-28T14:44:23+08:00 ] /SHX/PinPHP/admin.php?a=index&m=cache | SQL: SHOW COLUMNS FROM `pp_items_cate` [ RunTime:0.001886s ]
[ 2012-09-28T14:44:23+08:00 ] /SHX/PinPHP/admin.php?a=index&m=cache | SQL: SHOW COLUMNS FROM `pp_user` [ RunTime:0.001884s ]
[ 2012-09-28T14:44:23+08:00 ] /SHX/PinPHP/admin.php?a=index&m=cache | SQL: SHOW COLUMNS FROM `pp_album` [ RunTime:0.002114s ]
[ 2012-09-28T14:44:23+08:00 ] /SHX/PinPHP/admin.php?a=index&m=cache | SQL: SHOW COLUMNS FROM `pp_album_cate` [ RunTime:0.001680s ]
[ 2012-09-28T14:44:23+08:00 ] /SHX/PinPHP/admin.php?a=index&m=cache | SQL: SHOW COLUMNS FROM `pp_group` [ RunTime:0.001731s ]
[ 2012-09-28T14:44:23+08:00 ] /SHX/PinPHP/admin.php?a=index&m=cache | SQL: SELECT `id`,`title` FROM `pp_group` WHERE status=1 ORDER BY sort ASC  [ RunTime:0.000607s ]
[ 2012-09-28T14:44:23+08:00 ] /SHX/PinPHP/admin.php?a=index&m=cache | SQL: SHOW COLUMNS FROM `pp_setting` [ RunTime:0.001466s ]
[ 2012-09-28T14:44:23+08:00 ] /SHX/PinPHP/admin.php?a=index&m=cache | SQL: SELECT * FROM `pp_setting`  [ RunTime:0.000596s ]
[ 2012-09-28T14:44:23+08:00 ] /SHX/PinPHP/admin.php?a=index&m=cache | NOTIC: [8] Undefined index:  iframe baseAction.class.php 第 58 行.
[ 2012-09-28T14:44:23+08:00 ] /SHX/PinPHP/admin.php?a=index&m=cache | SQL: SHOW COLUMNS FROM `pp_cache` [ RunTime:0.002158s ]
[ 2012-09-28T14:44:23+08:00 ] /SHX/PinPHP/admin.php?a=index&m=cache | SQL: SHOW COLUMNS FROM `pp_items` [ RunTime:0.002225s ]
[ 2012-09-28T14:44:23+08:00 ] /SHX/PinPHP/admin.php?a=index&m=cache | SQL: SHOW COLUMNS FROM `pp_items_cate` [ RunTime:0.001914s ]
[ 2012-09-28T14:44:23+08:00 ] /SHX/PinPHP/admin.php?a=index&m=cache | SQL: SHOW COLUMNS FROM `pp_user_comments` [ RunTime:0.001507s ]
[ 2012-09-28T14:44:23+08:00 ] /SHX/PinPHP/admin.php?a=index&m=cache | SQL: UPDATE `pp_items_cate` SET `item_nums`=0 WHERE 1=1 [ RunTime:0.002403s ]
[ 2012-09-28T14:44:24+08:00 ] /SHX/PinPHP/admin.php?a=index&m=cache | SQL: SELECT `cid`,count(id) as cate_nums FROM `pp_items` GROUP BY cid  [ RunTime:0.000513s ]
[ 2012-09-28T14:44:24+08:00 ] /SHX/PinPHP/admin.php?a=index&m=cache | SQL: UPDATE `pp_items_cate` SET `item_nums`='24' WHERE ( `id` = '118' ) [ RunTime:0.000260s ]
[ 2012-09-28T14:44:24+08:00 ] /SHX/PinPHP/admin.php?a=index&m=cache | SQL: UPDATE `pp_items_cate` SET `item_nums`='24' WHERE ( `id` = '333' ) [ RunTime:0.000172s ]
[ 2012-09-28T14:44:24+08:00 ] /SHX/PinPHP/admin.php?a=index&m=cache | SQL: UPDATE `pp_items_cate` SET `item_nums`='24' WHERE ( `id` = '349' ) [ RunTime:0.000152s ]
[ 2012-09-28T14:44:24+08:00 ] /SHX/PinPHP/admin.php?a=index&m=cache | SQL: UPDATE `pp_items_cate` SET `item_nums`='24' WHERE ( `id` = '352' ) [ RunTime:0.000143s ]
[ 2012-09-28T14:44:24+08:00 ] /SHX/PinPHP/admin.php?a=index&m=cache | SQL: UPDATE `pp_items_cate` SET `item_nums`='24' WHERE ( `id` = '353' ) [ RunTime:0.000149s ]
[ 2012-09-28T14:44:24+08:00 ] /SHX/PinPHP/admin.php?a=index&m=cache | SQL: UPDATE `pp_items_cate` SET `item_nums`='24' WHERE ( `id` = '366' ) [ RunTime:0.000139s ]
[ 2012-09-28T14:44:24+08:00 ] /SHX/PinPHP/admin.php?a=index&m=cache | SQL: UPDATE `pp_items_cate` SET `item_nums`='24' WHERE ( `id` = '376' ) [ RunTime:0.000130s ]
[ 2012-09-28T14:44:24+08:00 ] /SHX/PinPHP/admin.php?a=index&m=cache | SQL: SELECT `cid`,sum(likes) as total FROM `pp_items` GROUP BY cid  [ RunTime:0.000474s ]
[ 2012-09-28T14:44:24+08:00 ] /SHX/PinPHP/admin.php?a=index&m=cache | SQL: UPDATE `pp_items_cate` SET `item_likes`='0' WHERE ( `id` = '118' ) [ RunTime:0.000107s ]
[ 2012-09-28T14:44:24+08:00 ] /SHX/PinPHP/admin.php?a=index&m=cache | SQL: UPDATE `pp_items_cate` SET `item_likes`='0' WHERE ( `id` = '333' ) [ RunTime:0.000090s ]
[ 2012-09-28T14:44:24+08:00 ] /SHX/PinPHP/admin.php?a=index&m=cache | SQL: UPDATE `pp_items_cate` SET `item_likes`='0' WHERE ( `id` = '349' ) [ RunTime:0.000087s ]
[ 2012-09-28T14:44:24+08:00 ] /SHX/PinPHP/admin.php?a=index&m=cache | SQL: UPDATE `pp_items_cate` SET `item_likes`='0' WHERE ( `id` = '352' ) [ RunTime:0.000086s ]
[ 2012-09-28T14:44:24+08:00 ] /SHX/PinPHP/admin.php?a=index&m=cache | SQL: UPDATE `pp_items_cate` SET `item_likes`='0' WHERE ( `id` = '353' ) [ RunTime:0.000085s ]
[ 2012-09-28T14:44:24+08:00 ] /SHX/PinPHP/admin.php?a=index&m=cache | SQL: UPDATE `pp_items_cate` SET `item_likes`='0' WHERE ( `id` = '366' ) [ RunTime:0.000093s ]
[ 2012-09-28T14:44:24+08:00 ] /SHX/PinPHP/admin.php?a=index&m=cache | SQL: UPDATE `pp_items_cate` SET `item_likes`='0' WHERE ( `id` = '376' ) [ RunTime:0.000087s ]
[ 2012-09-28T14:44:24+08:00 ] /SHX/PinPHP/admin.php?a=index&m=cache | SQL: UPDATE `pp_items` SET `comments`='0' WHERE 1=1 [ RunTime:0.001584s ]
[ 2012-09-28T14:44:24+08:00 ] /SHX/PinPHP/admin.php?a=index&m=cache | SQL: SELECT `pid`,count(pid) as total FROM `pp_user_comments` WHERE type='item' and status='1' GROUP BY pid  [ RunTime:0.000137s ]
[ 2012-09-28T14:44:24+08:00 ] /SHX/PinPHP/admin.php?a=index&m=cache | NOTIC: [2] Invalid argument supplied for foreach() cacheAction.class.php 第 78 行.
[ 2012-09-28T14:44:24+08:00 ] /SHX/PinPHP/admin.php?a=index&m=cache | INFO: Tag[ view_template ] --START--
[ 2012-09-28T14:44:24+08:00 ] /SHX/PinPHP/admin.php?a=index&m=cache | INFO: Run LocationTemplate Behavior [ RunTime:0.001626s ]
[ 2012-09-28T14:44:24+08:00 ] /SHX/PinPHP/admin.php?a=index&m=cache | INFO: Tag[ view_template ] --END-- [ RunTime:0.001692s ]
[ 2012-09-28T14:44:24+08:00 ] /SHX/PinPHP/admin.php?a=index&m=cache | INFO: Tag[ view_parse ] --START--
[ 2012-09-28T14:44:24+08:00 ] /SHX/PinPHP/admin.php?a=index&m=cache | NOTIC: [8] Undefined variable: sub_menu 5cdd149056100dfb7a8e20a3e8307427.php 第 36 行.
[ 2012-09-28T14:44:24+08:00 ] /SHX/PinPHP/admin.php?a=index&m=cache | NOTIC: [8] Undefined variable: big_menu 5cdd149056100dfb7a8e20a3e8307427.php 第 36 行.
[ 2012-09-28T14:44:24+08:00 ] /SHX/PinPHP/admin.php?a=index&m=cache | INFO: Run ParseTemplate Behavior [ RunTime:0.015219s ]
[ 2012-09-28T14:44:24+08:00 ] /SHX/PinPHP/admin.php?a=index&m=cache | INFO: Tag[ view_parse ] --END-- [ RunTime:0.015319s ]
[ 2012-09-28T14:44:24+08:00 ] /SHX/PinPHP/admin.php?a=index&m=cache | INFO: Tag[ view_filter ] --START--
[ 2012-09-28T14:44:24+08:00 ] /SHX/PinPHP/admin.php?a=index&m=cache | INFO: Run ContentReplace Behavior [ RunTime:0.001375s ]
[ 2012-09-28T14:44:24+08:00 ] /SHX/PinPHP/admin.php?a=index&m=cache | INFO: Run TokenBuild Behavior [ RunTime:0.001179s ]
[ 2012-09-28T14:44:24+08:00 ] /SHX/PinPHP/admin.php?a=index&m=cache | INFO: Run WriteHtmlCache Behavior [ RunTime:0.002447s ]
[ 2012-09-28T14:44:24+08:00 ] /SHX/PinPHP/admin.php?a=index&m=cache | INFO: Run ShowRuntime Behavior [ RunTime:0.001241s ]
[ 2012-09-28T14:44:24+08:00 ] /SHX/PinPHP/admin.php?a=index&m=cache | INFO: Tag[ view_filter ] --END-- [ RunTime:0.006710s ]
[ 2012-09-28T14:44:24+08:00 ] /SHX/PinPHP/admin.php?a=index&m=cache | INFO: Tag[ view_end ] --START--
[ 2012-09-28T14:44:24+08:00 ] /SHX/PinPHP/admin.php?a=index&m=cache | INFO: Run ShowPageTrace Behavior [ RunTime:0.001262s ]
[ 2012-09-28T14:44:24+08:00 ] /SHX/PinPHP/admin.php?a=index&m=cache | INFO: Tag[ view_end ] --END-- [ RunTime:0.001371s ]
[ 2012-09-28T14:44:34+08:00 ] /SHX/PinPHP/admin.php | INFO: Tag[ app_begin ] --START--
[ 2012-09-28T14:44:34+08:00 ] /SHX/PinPHP/admin.php | INFO: Run ReadHtmlCache Behavior [ RunTime:0.000850s ]
[ 2012-09-28T14:44:34+08:00 ] /SHX/PinPHP/admin.php | INFO: Tag[ app_begin ] --END-- [ RunTime:0.001038s ]
[ 2012-09-28T14:44:34+08:00 ] /SHX/PinPHP/admin.php | SQL: SHOW COLUMNS FROM `pp_admin` [ RunTime:0.001999s ]
[ 2012-09-28T14:44:34+08:00 ] /SHX/PinPHP/admin.php | SQL: SHOW COLUMNS FROM `pp_items_cate` [ RunTime:0.001652s ]
[ 2012-09-28T14:44:34+08:00 ] /SHX/PinPHP/admin.php | SQL: SHOW COLUMNS FROM `pp_user` [ RunTime:0.001714s ]
[ 2012-09-28T14:44:34+08:00 ] /SHX/PinPHP/admin.php | SQL: SHOW COLUMNS FROM `pp_album` [ RunTime:0.001556s ]
[ 2012-09-28T14:44:34+08:00 ] /SHX/PinPHP/admin.php | SQL: SHOW COLUMNS FROM `pp_album_cate` [ RunTime:0.001511s ]
[ 2012-09-28T14:44:34+08:00 ] /SHX/PinPHP/admin.php | SQL: SHOW COLUMNS FROM `pp_group` [ RunTime:0.001782s ]
[ 2012-09-28T14:44:34+08:00 ] /SHX/PinPHP/admin.php | SQL: SELECT `id`,`title` FROM `pp_group` WHERE status=1 ORDER BY sort ASC  [ RunTime:0.000538s ]
[ 2012-09-28T14:44:34+08:00 ] /SHX/PinPHP/admin.php | SQL: SHOW COLUMNS FROM `pp_setting` [ RunTime:0.001799s ]
[ 2012-09-28T14:44:34+08:00 ] /SHX/PinPHP/admin.php | SQL: SELECT * FROM `pp_setting`  [ RunTime:0.000771s ]
[ 2012-09-28T14:44:34+08:00 ] /SHX/PinPHP/admin.php | NOTIC: [8] Undefined index:  iframe baseAction.class.php 第 58 行.
[ 2012-09-28T14:44:34+08:00 ] /SHX/PinPHP/admin.php | SQL: SHOW COLUMNS FROM `pp_items` [ RunTime:0.002211s ]
[ 2012-09-28T14:44:34+08:00 ] /SHX/PinPHP/admin.php | SQL: SHOW COLUMNS FROM `pp_items_cate` [ RunTime:0.001969s ]
[ 2012-09-28T14:44:34+08:00 ] /SHX/PinPHP/admin.php | SQL: SELECT `cid`,count(id) as cate_nums FROM `pp_items` GROUP BY cid  [ RunTime:0.000741s ]
[ 2012-09-28T14:44:34+08:00 ] /SHX/PinPHP/admin.php | SQL: UPDATE `pp_items_cate` SET `item_nums`='24' WHERE ( `id` = '118' ) [ RunTime:0.000157s ]
[ 2012-09-28T14:44:34+08:00 ] /SHX/PinPHP/admin.php | SQL: UPDATE `pp_items_cate` SET `item_nums`='24' WHERE ( `id` = '333' ) [ RunTime:0.000117s ]
[ 2012-09-28T14:44:34+08:00 ] /SHX/PinPHP/admin.php | SQL: UPDATE `pp_items_cate` SET `item_nums`='24' WHERE ( `id` = '349' ) [ RunTime:0.000091s ]
[ 2012-09-28T14:44:34+08:00 ] /SHX/PinPHP/admin.php | SQL: UPDATE `pp_items_cate` SET `item_nums`='24' WHERE ( `id` = '352' ) [ RunTime:0.000086s ]
[ 2012-09-28T14:44:34+08:00 ] /SHX/PinPHP/admin.php | SQL: UPDATE `pp_items_cate` SET `item_nums`='24' WHERE ( `id` = '353' ) [ RunTime:0.000086s ]
[ 2012-09-28T14:44:34+08:00 ] /SHX/PinPHP/admin.php | SQL: UPDATE `pp_items_cate` SET `item_nums`='24' WHERE ( `id` = '366' ) [ RunTime:0.000088s ]
[ 2012-09-28T14:44:34+08:00 ] /SHX/PinPHP/admin.php | SQL: UPDATE `pp_items_cate` SET `item_nums`='24' WHERE ( `id` = '376' ) [ RunTime:0.000087s ]
[ 2012-09-28T14:44:34+08:00 ] /SHX/PinPHP/admin.php | INFO: Tag[ view_template ] --START--
[ 2012-09-28T14:44:34+08:00 ] /SHX/PinPHP/admin.php | INFO: Run LocationTemplate Behavior [ RunTime:0.001475s ]
[ 2012-09-28T14:44:34+08:00 ] /SHX/PinPHP/admin.php | INFO: Tag[ view_template ] --END-- [ RunTime:0.001532s ]
[ 2012-09-28T14:44:34+08:00 ] /SHX/PinPHP/admin.php | INFO: Tag[ view_parse ] --START--
[ 2012-09-28T14:44:34+08:00 ] /SHX/PinPHP/admin.php | NOTIC: [8] Undefined variable: lang 61acf2961088e1c8be817cc708b9bd0a.php 第 41 行.
[ 2012-09-28T14:44:34+08:00 ] /SHX/PinPHP/admin.php | INFO: Run ParseTemplate Behavior [ RunTime:0.012828s ]
[ 2012-09-28T14:44:34+08:00 ] /SHX/PinPHP/admin.php | INFO: Tag[ view_parse ] --END-- [ RunTime:0.012894s ]
[ 2012-09-28T14:44:34+08:00 ] /SHX/PinPHP/admin.php | INFO: Tag[ view_filter ] --START--
[ 2012-09-28T14:44:34+08:00 ] /SHX/PinPHP/admin.php | INFO: Run ContentReplace Behavior [ RunTime:0.000724s ]
[ 2012-09-28T14:44:34+08:00 ] /SHX/PinPHP/admin.php | INFO: Run TokenBuild Behavior [ RunTime:0.000614s ]
[ 2012-09-28T14:44:34+08:00 ] /SHX/PinPHP/admin.php | INFO: Run WriteHtmlCache Behavior [ RunTime:0.001318s ]
[ 2012-09-28T14:44:34+08:00 ] /SHX/PinPHP/admin.php | INFO: Run ShowRuntime Behavior [ RunTime:0.000668s ]
[ 2012-09-28T14:44:34+08:00 ] /SHX/PinPHP/admin.php | INFO: Tag[ view_filter ] --END-- [ RunTime:0.003480s ]
[ 2012-09-28T14:44:34+08:00 ] /SHX/PinPHP/admin.php | INFO: Tag[ view_end ] --START--
[ 2012-09-28T14:44:34+08:00 ] /SHX/PinPHP/admin.php | INFO: Run ShowPageTrace Behavior [ RunTime:0.000836s ]
[ 2012-09-28T14:44:34+08:00 ] /SHX/PinPHP/admin.php | INFO: Tag[ view_end ] --END-- [ RunTime:0.000889s ]
[ 2012-09-28T14:44:34+08:00 ] /SHX/PinPHP/admin.php?a=panel&m=public | INFO: Tag[ app_begin ] --START--
[ 2012-09-28T14:44:34+08:00 ] /SHX/PinPHP/admin.php?a=panel&m=public | INFO: Run ReadHtmlCache Behavior [ RunTime:0.001033s ]
[ 2012-09-28T14:44:34+08:00 ] /SHX/PinPHP/admin.php?a=panel&m=public | INFO: Tag[ app_begin ] --END-- [ RunTime:0.001134s ]
[ 2012-09-28T14:44:34+08:00 ] /SHX/PinPHP/admin.php?a=panel&m=public | SQL: SHOW COLUMNS FROM `pp_admin` [ RunTime:0.001742s ]
[ 2012-09-28T14:44:34+08:00 ] /SHX/PinPHP/admin.php?a=panel&m=public | SQL: SHOW COLUMNS FROM `pp_items_cate` [ RunTime:0.001682s ]
[ 2012-09-28T14:44:34+08:00 ] /SHX/PinPHP/admin.php?a=panel&m=public | SQL: SHOW COLUMNS FROM `pp_user` [ RunTime:0.001680s ]
[ 2012-09-28T14:44:34+08:00 ] /SHX/PinPHP/admin.php?a=panel&m=public | SQL: SHOW COLUMNS FROM `pp_album` [ RunTime:0.002336s ]
[ 2012-09-28T14:44:34+08:00 ] /SHX/PinPHP/admin.php?a=panel&m=public | SQL: SHOW COLUMNS FROM `pp_album_cate` [ RunTime:0.002062s ]
[ 2012-09-28T14:44:34+08:00 ] /SHX/PinPHP/admin.php?a=panel&m=public | SQL: SHOW COLUMNS FROM `pp_group` [ RunTime:0.001937s ]
[ 2012-09-28T14:44:34+08:00 ] /SHX/PinPHP/admin.php?a=panel&m=public | SQL: SELECT `id`,`title` FROM `pp_group` WHERE status=1 ORDER BY sort ASC  [ RunTime:0.000778s ]
[ 2012-09-28T14:44:34+08:00 ] /SHX/PinPHP/admin.php?a=panel&m=public | SQL: SHOW COLUMNS FROM `pp_setting` [ RunTime:0.001620s ]
[ 2012-09-28T14:44:34+08:00 ] /SHX/PinPHP/admin.php?a=panel&m=public | SQL: SELECT * FROM `pp_setting`  [ RunTime:0.000635s ]
[ 2012-09-28T14:44:34+08:00 ] /SHX/PinPHP/admin.php?a=panel&m=public | NOTIC: [8] Undefined index:  iframe baseAction.class.php 第 58 行.
[ 2012-09-28T14:44:34+08:00 ] /SHX/PinPHP/admin.php?a=panel&m=public | SQL: SHOW COLUMNS FROM `pp_role` [ RunTime:0.001694s ]
[ 2012-09-28T14:44:34+08:00 ] /SHX/PinPHP/admin.php?a=panel&m=public | SQL: SELECT * FROM `pp_role` WHERE id=1 LIMIT 1   [ RunTime:0.000613s ]
[ 2012-09-28T14:44:34+08:00 ] /SHX/PinPHP/admin.php?a=panel&m=public | INFO: Tag[ view_template ] --START--
[ 2012-09-28T14:44:34+08:00 ] /SHX/PinPHP/admin.php?a=panel&m=public | INFO: Run LocationTemplate Behavior [ RunTime:0.001914s ]
[ 2012-09-28T14:44:34+08:00 ] /SHX/PinPHP/admin.php?a=panel&m=public | INFO: Tag[ view_template ] --END-- [ RunTime:0.001981s ]
[ 2012-09-28T14:44:34+08:00 ] /SHX/PinPHP/admin.php?a=panel&m=public | INFO: Tag[ view_parse ] --START--
[ 2012-09-28T14:44:34+08:00 ] /SHX/PinPHP/admin.php?a=panel&m=public | NOTIC: [8] Undefined variable: sub_menu 987c9db608489a54aaba6faa6bc56bce.php 第 36 行.
[ 2012-09-28T14:44:34+08:00 ] /SHX/PinPHP/admin.php?a=panel&m=public | NOTIC: [8] Undefined variable: big_menu 987c9db608489a54aaba6faa6bc56bce.php 第 36 行.
[ 2012-09-28T14:44:34+08:00 ] /SHX/PinPHP/admin.php?a=panel&m=public | INFO: Run ParseTemplate Behavior [ RunTime:0.015068s ]
[ 2012-09-28T14:44:34+08:00 ] /SHX/PinPHP/admin.php?a=panel&m=public | INFO: Tag[ view_parse ] --END-- [ RunTime:0.015139s ]
[ 2012-09-28T14:44:34+08:00 ] /SHX/PinPHP/admin.php?a=panel&m=public | INFO: Tag[ view_filter ] --START--
[ 2012-09-28T14:44:34+08:00 ] /SHX/PinPHP/admin.php?a=panel&m=public | INFO: Run ContentReplace Behavior [ RunTime:0.001411s ]
[ 2012-09-28T14:44:34+08:00 ] /SHX/PinPHP/admin.php?a=panel&m=public | INFO: Run TokenBuild Behavior [ RunTime:0.001075s ]
[ 2012-09-28T14:44:34+08:00 ] /SHX/PinPHP/admin.php?a=panel&m=public | INFO: Run WriteHtmlCache Behavior [ RunTime:0.000847s ]
[ 2012-09-28T14:44:34+08:00 ] /SHX/PinPHP/admin.php?a=panel&m=public | INFO: Run ShowRuntime Behavior [ RunTime:0.001144s ]
[ 2012-09-28T14:44:34+08:00 ] /SHX/PinPHP/admin.php?a=panel&m=public | INFO: Tag[ view_filter ] --END-- [ RunTime:0.004696s ]
[ 2012-09-28T14:44:34+08:00 ] /SHX/PinPHP/admin.php?a=panel&m=public | INFO: Tag[ view_end ] --START--
[ 2012-09-28T14:44:34+08:00 ] /SHX/PinPHP/admin.php?a=panel&m=public | INFO: Run ShowPageTrace Behavior [ RunTime:0.000955s ]
[ 2012-09-28T14:44:34+08:00 ] /SHX/PinPHP/admin.php?a=panel&m=public | INFO: Tag[ view_end ] --END-- [ RunTime:0.001008s ]
[ 2012-09-28T14:44:34+08:00 ] /SHX/PinPHP/admin.php?a=menu&m=public&tag=0 | INFO: Tag[ app_begin ] --START--
[ 2012-09-28T14:44:34+08:00 ] /SHX/PinPHP/admin.php?a=menu&m=public&tag=0 | INFO: Run ReadHtmlCache Behavior [ RunTime:0.000468s ]
[ 2012-09-28T14:44:34+08:00 ] /SHX/PinPHP/admin.php?a=menu&m=public&tag=0 | INFO: Tag[ app_begin ] --END-- [ RunTime:0.000559s ]
[ 2012-09-28T14:44:34+08:00 ] /SHX/PinPHP/admin.php?a=menu&m=public&tag=0 | SQL: SHOW COLUMNS FROM `pp_admin` [ RunTime:0.001969s ]
[ 2012-09-28T14:44:34+08:00 ] /SHX/PinPHP/admin.php?a=menu&m=public&tag=0 | SQL: SHOW COLUMNS FROM `pp_items_cate` [ RunTime:0.001595s ]
[ 2012-09-28T14:44:34+08:00 ] /SHX/PinPHP/admin.php?a=menu&m=public&tag=0 | SQL: SHOW COLUMNS FROM `pp_user` [ RunTime:0.001948s ]
[ 2012-09-28T14:44:34+08:00 ] /SHX/PinPHP/admin.php?a=menu&m=public&tag=0 | SQL: SHOW COLUMNS FROM `pp_album` [ RunTime:0.001710s ]
[ 2012-09-28T14:44:34+08:00 ] /SHX/PinPHP/admin.php?a=menu&m=public&tag=0 | SQL: SHOW COLUMNS FROM `pp_album_cate` [ RunTime:0.001597s ]
[ 2012-09-28T14:44:34+08:00 ] /SHX/PinPHP/admin.php?a=menu&m=public&tag=0 | SQL: SHOW COLUMNS FROM `pp_group` [ RunTime:0.001460s ]
[ 2012-09-28T14:44:34+08:00 ] /SHX/PinPHP/admin.php?a=menu&m=public&tag=0 | SQL: SELECT `id`,`title` FROM `pp_group` WHERE status=1 ORDER BY sort ASC  [ RunTime:0.000577s ]
[ 2012-09-28T14:44:34+08:00 ] /SHX/PinPHP/admin.php?a=menu&m=public&tag=0 | SQL: SHOW COLUMNS FROM `pp_setting` [ RunTime:0.001326s ]
[ 2012-09-28T14:44:34+08:00 ] /SHX/PinPHP/admin.php?a=menu&m=public&tag=0 | SQL: SELECT * FROM `pp_setting`  [ RunTime:0.000624s ]
[ 2012-09-28T14:44:34+08:00 ] /SHX/PinPHP/admin.php?a=menu&m=public&tag=0 | NOTIC: [8] Undefined index:  iframe baseAction.class.php 第 58 行.
[ 2012-09-28T14:44:34+08:00 ] /SHX/PinPHP/admin.php?a=menu&m=public&tag=0 | SQL: SHOW COLUMNS FROM `pp_admin` [ RunTime:0.001414s ]
[ 2012-09-28T14:44:34+08:00 ] /SHX/PinPHP/admin.php?a=menu&m=public&tag=0 | SQL: SELECT `role_id` FROM `pp_admin` WHERE id=1 LIMIT 1   [ RunTime:0.000475s ]
[ 2012-09-28T14:44:34+08:00 ] /SHX/PinPHP/admin.php?a=menu&m=public&tag=0 | SQL: SHOW COLUMNS FROM `pp_access` [ RunTime:0.001393s ]
[ 2012-09-28T14:44:34+08:00 ] /SHX/PinPHP/admin.php?a=menu&m=public&tag=0 | SQL: SELECT `node_id` FROM `pp_access` WHERE role_id=1  [ RunTime:0.000644s ]
[ 2012-09-28T14:44:34+08:00 ] /SHX/PinPHP/admin.php?a=menu&m=public&tag=0 | SQL: SHOW COLUMNS FROM `pp_node` [ RunTime:0.001533s ]
[ 2012-09-28T14:44:34+08:00 ] /SHX/PinPHP/admin.php?a=menu&m=public&tag=0 | SQL: SELECT `id`,`action`,`action_name`,`module`,`module_name`,`data` FROM `pp_node` WHERE auth_type<>2 AND status=1 AND is_show=0 AND group_id=6 ORDER BY sort DESC  [ RunTime:0.000616s ]
[ 2012-09-28T14:44:34+08:00 ] /SHX/PinPHP/admin.php?a=menu&m=public&tag=0 | NOTIC: [8] Undefined offset:  1 publicAction.class.php 第 31 行.
[ 2012-09-28T14:44:34+08:00 ] /SHX/PinPHP/admin.php?a=menu&m=public&tag=0 | INFO: Tag[ view_template ] --START--
[ 2012-09-28T14:44:34+08:00 ] /SHX/PinPHP/admin.php?a=menu&m=public&tag=0 | INFO: Run LocationTemplate Behavior [ RunTime:0.001406s ]
[ 2012-09-28T14:44:34+08:00 ] /SHX/PinPHP/admin.php?a=menu&m=public&tag=0 | INFO: Tag[ view_template ] --END-- [ RunTime:0.001463s ]
[ 2012-09-28T14:44:34+08:00 ] /SHX/PinPHP/admin.php?a=menu&m=public&tag=0 | INFO: Tag[ view_parse ] --START--
[ 2012-09-28T14:44:34+08:00 ] /SHX/PinPHP/admin.php?a=menu&m=public&tag=0 | NOTIC: [8] Undefined variable: lang 7cb575b33561d89a8912b1581f6b6fb7.php 第 1 行.
[ 2012-09-28T14:44:34+08:00 ] /SHX/PinPHP/admin.php?a=menu&m=public&tag=0 | NOTIC: [8] Undefined variable: lang 7cb575b33561d89a8912b1581f6b6fb7.php 第 1 行.
[ 2012-09-28T14:44:34+08:00 ] /SHX/PinPHP/admin.php?a=menu&m=public&tag=0 | NOTIC: [8] Undefined variable: lang 7cb575b33561d89a8912b1581f6b6fb7.php 第 1 行.
[ 2012-09-28T14:44:34+08:00 ] /SHX/PinPHP/admin.php?a=menu&m=public&tag=0 | NOTIC: [8] Undefined variable: lang 7cb575b33561d89a8912b1581f6b6fb7.php 第 1 行.
[ 2012-09-28T14:44:34+08:00 ] /SHX/PinPHP/admin.php?a=menu&m=public&tag=0 | INFO: Run ParseTemplate Behavior [ RunTime:0.010579s ]
[ 2012-09-28T14:44:34+08:00 ] /SHX/PinPHP/admin.php?a=menu&m=public&tag=0 | INFO: Tag[ view_parse ] --END-- [ RunTime:0.010640s ]
[ 2012-09-28T14:44:34+08:00 ] /SHX/PinPHP/admin.php?a=menu&m=public&tag=0 | INFO: Tag[ view_filter ] --START--
[ 2012-09-28T14:44:34+08:00 ] /SHX/PinPHP/admin.php?a=menu&m=public&tag=0 | INFO: Run ContentReplace Behavior [ RunTime:0.000637s ]
[ 2012-09-28T14:44:34+08:00 ] /SHX/PinPHP/admin.php?a=menu&m=public&tag=0 | INFO: Run TokenBuild Behavior [ RunTime:0.000611s ]
[ 2012-09-28T14:44:34+08:00 ] /SHX/PinPHP/admin.php?a=menu&m=public&tag=0 | INFO: Run WriteHtmlCache Behavior [ RunTime:0.001317s ]
[ 2012-09-28T14:44:34+08:00 ] /SHX/PinPHP/admin.php?a=menu&m=public&tag=0 | INFO: Run ShowRuntime Behavior [ RunTime:0.000695s ]
[ 2012-09-28T14:44:34+08:00 ] /SHX/PinPHP/admin.php?a=menu&m=public&tag=0 | INFO: Tag[ view_filter ] --END-- [ RunTime:0.003408s ]
[ 2012-09-28T14:44:34+08:00 ] /SHX/PinPHP/admin.php?a=menu&m=public&tag=0 | INFO: Tag[ view_end ] --START--
[ 2012-09-28T14:44:34+08:00 ] /SHX/PinPHP/admin.php?a=menu&m=public&tag=0 | INFO: Run ShowPageTrace Behavior [ RunTime:0.000655s ]
[ 2012-09-28T14:44:34+08:00 ] /SHX/PinPHP/admin.php?a=menu&m=public&tag=0 | INFO: Tag[ view_end ] --END-- [ RunTime:0.000705s ]
[ 2012-09-28T14:45:02+08:00 ] /SHX/PinPHP/admin.php?a=index&m=cache | INFO: Tag[ app_begin ] --START--
[ 2012-09-28T14:45:02+08:00 ] /SHX/PinPHP/admin.php?a=index&m=cache | INFO: Run ReadHtmlCache Behavior [ RunTime:0.000918s ]
[ 2012-09-28T14:45:02+08:00 ] /SHX/PinPHP/admin.php?a=index&m=cache | INFO: Tag[ app_begin ] --END-- [ RunTime:0.001111s ]
[ 2012-09-28T14:45:02+08:00 ] /SHX/PinPHP/admin.php?a=index&m=cache | SQL: SHOW COLUMNS FROM `pp_admin` [ RunTime:0.001724s ]
[ 2012-09-28T14:45:02+08:00 ] /SHX/PinPHP/admin.php?a=index&m=cache | SQL: SHOW COLUMNS FROM `pp_items_cate` [ RunTime:0.001967s ]
[ 2012-09-28T14:45:02+08:00 ] /SHX/PinPHP/admin.php?a=index&m=cache | SQL: SHOW COLUMNS FROM `pp_user` [ RunTime:0.002008s ]
[ 2012-09-28T14:45:02+08:00 ] /SHX/PinPHP/admin.php?a=index&m=cache | SQL: SHOW COLUMNS FROM `pp_album` [ RunTime:0.001776s ]
[ 2012-09-28T14:45:02+08:00 ] /SHX/PinPHP/admin.php?a=index&m=cache | SQL: SHOW COLUMNS FROM `pp_album_cate` [ RunTime:0.001531s ]
[ 2012-09-28T14:45:02+08:00 ] /SHX/PinPHP/admin.php?a=index&m=cache | SQL: SHOW COLUMNS FROM `pp_group` [ RunTime:0.001591s ]
[ 2012-09-28T14:45:02+08:00 ] /SHX/PinPHP/admin.php?a=index&m=cache | SQL: SELECT `id`,`title` FROM `pp_group` WHERE status=1 ORDER BY sort ASC  [ RunTime:0.000658s ]
[ 2012-09-28T14:45:02+08:00 ] /SHX/PinPHP/admin.php?a=index&m=cache | SQL: SHOW COLUMNS FROM `pp_setting` [ RunTime:0.001567s ]
[ 2012-09-28T14:45:02+08:00 ] /SHX/PinPHP/admin.php?a=index&m=cache | SQL: SELECT * FROM `pp_setting`  [ RunTime:0.000607s ]
[ 2012-09-28T14:45:02+08:00 ] /SHX/PinPHP/admin.php?a=index&m=cache | NOTIC: [8] Undefined index:  iframe baseAction.class.php 第 58 行.
[ 2012-09-28T14:45:02+08:00 ] /SHX/PinPHP/admin.php?a=index&m=cache | SQL: SHOW COLUMNS FROM `pp_cache` [ RunTime:0.001999s ]
[ 2012-09-28T14:45:02+08:00 ] /SHX/PinPHP/admin.php?a=index&m=cache | SQL: SHOW COLUMNS FROM `pp_items` [ RunTime:0.002224s ]
[ 2012-09-28T14:45:02+08:00 ] /SHX/PinPHP/admin.php?a=index&m=cache | SQL: SHOW COLUMNS FROM `pp_items_cate` [ RunTime:0.002057s ]
[ 2012-09-28T14:45:02+08:00 ] /SHX/PinPHP/admin.php?a=index&m=cache | SQL: SHOW COLUMNS FROM `pp_user_comments` [ RunTime:0.001676s ]
[ 2012-09-28T14:45:02+08:00 ] /SHX/PinPHP/admin.php?a=index&m=cache | SQL: UPDATE `pp_items_cate` SET `item_nums`=0 WHERE 1=1 [ RunTime:0.002370s ]
[ 2012-09-28T14:45:02+08:00 ] /SHX/PinPHP/admin.php?a=index&m=cache | SQL: SELECT `cid`,count(id) as cate_nums FROM `pp_items` GROUP BY cid  [ RunTime:0.000492s ]
[ 2012-09-28T14:45:02+08:00 ] /SHX/PinPHP/admin.php?a=index&m=cache | SQL: UPDATE `pp_items_cate` SET `item_nums`='24' WHERE ( `id` = '118' ) [ RunTime:0.000210s ]
[ 2012-09-28T14:45:02+08:00 ] /SHX/PinPHP/admin.php?a=index&m=cache | SQL: UPDATE `pp_items_cate` SET `item_nums`='24' WHERE ( `id` = '333' ) [ RunTime:0.000183s ]
[ 2012-09-28T14:45:02+08:00 ] /SHX/PinPHP/admin.php?a=index&m=cache | SQL: UPDATE `pp_items_cate` SET `item_nums`='24' WHERE ( `id` = '349' ) [ RunTime:0.000182s ]
[ 2012-09-28T14:45:02+08:00 ] /SHX/PinPHP/admin.php?a=index&m=cache | SQL: UPDATE `pp_items_cate` SET `item_nums`='24' WHERE ( `id` = '352' ) [ RunTime:0.000172s ]
[ 2012-09-28T14:45:02+08:00 ] /SHX/PinPHP/admin.php?a=index&m=cache | SQL: UPDATE `pp_items_cate` SET `item_nums`='24' WHERE ( `id` = '353' ) [ RunTime:0.000176s ]
[ 2012-09-28T14:45:02+08:00 ] /SHX/PinPHP/admin.php?a=index&m=cache | SQL: UPDATE `pp_items_cate` SET `item_nums`='24' WHERE ( `id` = '366' ) [ RunTime:0.000189s ]
[ 2012-09-28T14:45:02+08:00 ] /SHX/PinPHP/admin.php?a=index&m=cache | SQL: UPDATE `pp_items_cate` SET `item_nums`='24' WHERE ( `id` = '376' ) [ RunTime:0.000185s ]
[ 2012-09-28T14:45:02+08:00 ] /SHX/PinPHP/admin.php?a=index&m=cache | SQL: SELECT `cid`,sum(likes) as total FROM `pp_items` GROUP BY cid  [ RunTime:0.000545s ]
[ 2012-09-28T14:45:02+08:00 ] /SHX/PinPHP/admin.php?a=index&m=cache | SQL: UPDATE `pp_items_cate` SET `item_likes`='0' WHERE ( `id` = '118' ) [ RunTime:0.000157s ]
[ 2012-09-28T14:45:02+08:00 ] /SHX/PinPHP/admin.php?a=index&m=cache | SQL: UPDATE `pp_items_cate` SET `item_likes`='0' WHERE ( `id` = '333' ) [ RunTime:0.000125s ]
[ 2012-09-28T14:45:02+08:00 ] /SHX/PinPHP/admin.php?a=index&m=cache | SQL: UPDATE `pp_items_cate` SET `item_likes`='0' WHERE ( `id` = '349' ) [ RunTime:0.000122s ]
[ 2012-09-28T14:45:02+08:00 ] /SHX/PinPHP/admin.php?a=index&m=cache | SQL: UPDATE `pp_items_cate` SET `item_likes`='0' WHERE ( `id` = '352' ) [ RunTime:0.000120s ]
[ 2012-09-28T14:45:02+08:00 ] /SHX/PinPHP/admin.php?a=index&m=cache | SQL: UPDATE `pp_items_cate` SET `item_likes`='0' WHERE ( `id` = '353' ) [ RunTime:0.000121s ]
[ 2012-09-28T14:45:02+08:00 ] /SHX/PinPHP/admin.php?a=index&m=cache | SQL: UPDATE `pp_items_cate` SET `item_likes`='0' WHERE ( `id` = '366' ) [ RunTime:0.000120s ]
[ 2012-09-28T14:45:02+08:00 ] /SHX/PinPHP/admin.php?a=index&m=cache | SQL: UPDATE `pp_items_cate` SET `item_likes`='0' WHERE ( `id` = '376' ) [ RunTime:0.000108s ]
[ 2012-09-28T14:45:02+08:00 ] /SHX/PinPHP/admin.php?a=index&m=cache | SQL: UPDATE `pp_items` SET `comments`='0' WHERE 1=1 [ RunTime:0.001578s ]
[ 2012-09-28T14:45:02+08:00 ] /SHX/PinPHP/admin.php?a=index&m=cache | SQL: SELECT `pid`,count(pid) as total FROM `pp_user_comments` WHERE type='item' and status='1' GROUP BY pid  [ RunTime:0.000178s ]
[ 2012-09-28T14:45:02+08:00 ] /SHX/PinPHP/admin.php?a=index&m=cache | NOTIC: [2] Invalid argument supplied for foreach() cacheAction.class.php 第 78 行.
[ 2012-09-28T14:45:02+08:00 ] /SHX/PinPHP/admin.php?a=index&m=cache | INFO: Tag[ view_template ] --START--
[ 2012-09-28T14:45:02+08:00 ] /SHX/PinPHP/admin.php?a=index&m=cache | INFO: Run LocationTemplate Behavior [ RunTime:0.001255s ]
[ 2012-09-28T14:45:02+08:00 ] /SHX/PinPHP/admin.php?a=index&m=cache | INFO: Tag[ view_template ] --END-- [ RunTime:0.001327s ]
[ 2012-09-28T14:45:02+08:00 ] /SHX/PinPHP/admin.php?a=index&m=cache | INFO: Tag[ view_parse ] --START--
[ 2012-09-28T14:45:02+08:00 ] /SHX/PinPHP/admin.php?a=index&m=cache | NOTIC: [8] Undefined variable: sub_menu 5cdd149056100dfb7a8e20a3e8307427.php 第 36 行.
[ 2012-09-28T14:45:02+08:00 ] /SHX/PinPHP/admin.php?a=index&m=cache | NOTIC: [8] Undefined variable: big_menu 5cdd149056100dfb7a8e20a3e8307427.php 第 36 行.
[ 2012-09-28T14:45:02+08:00 ] /SHX/PinPHP/admin.php?a=index&m=cache | INFO: Run ParseTemplate Behavior [ RunTime:0.009919s ]
[ 2012-09-28T14:45:02+08:00 ] /SHX/PinPHP/admin.php?a=index&m=cache | INFO: Tag[ view_parse ] --END-- [ RunTime:0.009986s ]
[ 2012-09-28T14:45:02+08:00 ] /SHX/PinPHP/admin.php?a=index&m=cache | INFO: Tag[ view_filter ] --START--
[ 2012-09-28T14:45:02+08:00 ] /SHX/PinPHP/admin.php?a=index&m=cache | INFO: Run ContentReplace Behavior [ RunTime:0.000371s ]
[ 2012-09-28T14:45:02+08:00 ] /SHX/PinPHP/admin.php?a=index&m=cache | INFO: Run TokenBuild Behavior [ RunTime:0.000475s ]
[ 2012-09-28T14:45:02+08:00 ] /SHX/PinPHP/admin.php?a=index&m=cache | INFO: Run WriteHtmlCache Behavior [ RunTime:0.000214s ]
[ 2012-09-28T14:45:02+08:00 ] /SHX/PinPHP/admin.php?a=index&m=cache | INFO: Run ShowRuntime Behavior [ RunTime:0.000399s ]
[ 2012-09-28T14:45:02+08:00 ] /SHX/PinPHP/admin.php?a=index&m=cache | INFO: Tag[ view_filter ] --END-- [ RunTime:0.001614s ]
[ 2012-09-28T14:45:02+08:00 ] /SHX/PinPHP/admin.php?a=index&m=cache | INFO: Tag[ view_end ] --START--
[ 2012-09-28T14:45:02+08:00 ] /SHX/PinPHP/admin.php?a=index&m=cache | INFO: Run ShowPageTrace Behavior [ RunTime:0.000699s ]
[ 2012-09-28T14:45:02+08:00 ] /SHX/PinPHP/admin.php?a=index&m=cache | INFO: Tag[ view_end ] --END-- [ RunTime:0.000749s ]
[ 2012-09-28T14:45:06+08:00 ] /SHX/PinPHP/admin.php?a=index&m=cache | INFO: Tag[ app_begin ] --START--
[ 2012-09-28T14:45:06+08:00 ] /SHX/PinPHP/admin.php?a=index&m=cache | INFO: Run ReadHtmlCache Behavior [ RunTime:0.001262s ]
[ 2012-09-28T14:45:06+08:00 ] /SHX/PinPHP/admin.php?a=index&m=cache | INFO: Tag[ app_begin ] --END-- [ RunTime:0.001355s ]
[ 2012-09-28T14:45:06+08:00 ] /SHX/PinPHP/admin.php?a=index&m=cache | SQL: SHOW COLUMNS FROM `pp_admin` [ RunTime:0.001728s ]
[ 2012-09-28T14:45:06+08:00 ] /SHX/PinPHP/admin.php?a=index&m=cache | SQL: SHOW COLUMNS FROM `pp_items_cate` [ RunTime:0.001680s ]
[ 2012-09-28T14:45:06+08:00 ] /SHX/PinPHP/admin.php?a=index&m=cache | SQL: SHOW COLUMNS FROM `pp_user` [ RunTime:0.001758s ]
[ 2012-09-28T14:45:06+08:00 ] /SHX/PinPHP/admin.php?a=index&m=cache | SQL: SHOW COLUMNS FROM `pp_album` [ RunTime:0.001585s ]
[ 2012-09-28T14:45:06+08:00 ] /SHX/PinPHP/admin.php?a=index&m=cache | SQL: SHOW COLUMNS FROM `pp_album_cate` [ RunTime:0.001410s ]
[ 2012-09-28T14:45:06+08:00 ] /SHX/PinPHP/admin.php?a=index&m=cache | SQL: SHOW COLUMNS FROM `pp_group` [ RunTime:0.001953s ]
[ 2012-09-28T14:45:06+08:00 ] /SHX/PinPHP/admin.php?a=index&m=cache | SQL: SELECT `id`,`title` FROM `pp_group` WHERE status=1 ORDER BY sort ASC  [ RunTime:0.000607s ]
[ 2012-09-28T14:45:06+08:00 ] /SHX/PinPHP/admin.php?a=index&m=cache | SQL: SHOW COLUMNS FROM `pp_setting` [ RunTime:0.001518s ]
[ 2012-09-28T14:45:06+08:00 ] /SHX/PinPHP/admin.php?a=index&m=cache | SQL: SELECT * FROM `pp_setting`  [ RunTime:0.000580s ]
[ 2012-09-28T14:45:06+08:00 ] /SHX/PinPHP/admin.php?a=index&m=cache | NOTIC: [8] Undefined index:  iframe baseAction.class.php 第 58 行.
[ 2012-09-28T14:45:06+08:00 ] /SHX/PinPHP/admin.php?a=index&m=cache | SQL: SHOW COLUMNS FROM `pp_cache` [ RunTime:0.001862s ]
[ 2012-09-28T14:45:06+08:00 ] /SHX/PinPHP/admin.php?a=index&m=cache | SQL: SHOW COLUMNS FROM `pp_items` [ RunTime:0.002060s ]
[ 2012-09-28T14:45:06+08:00 ] /SHX/PinPHP/admin.php?a=index&m=cache | SQL: SHOW COLUMNS FROM `pp_items_cate` [ RunTime:0.001918s ]
[ 2012-09-28T14:45:06+08:00 ] /SHX/PinPHP/admin.php?a=index&m=cache | SQL: SHOW COLUMNS FROM `pp_user_comments` [ RunTime:0.001662s ]
[ 2012-09-28T14:45:06+08:00 ] /SHX/PinPHP/admin.php?a=index&m=cache | SQL: UPDATE `pp_items_cate` SET `item_nums`=0 WHERE 1=1 [ RunTime:0.002385s ]
[ 2012-09-28T14:45:06+08:00 ] /SHX/PinPHP/admin.php?a=index&m=cache | SQL: SELECT `cid`,count(id) as cate_nums FROM `pp_items` GROUP BY cid  [ RunTime:0.000479s ]
[ 2012-09-28T14:45:06+08:00 ] /SHX/PinPHP/admin.php?a=index&m=cache | SQL: UPDATE `pp_items_cate` SET `item_nums`='24' WHERE ( `id` = '118' ) [ RunTime:0.000169s ]
[ 2012-09-28T14:45:06+08:00 ] /SHX/PinPHP/admin.php?a=index&m=cache | SQL: UPDATE `pp_items_cate` SET `item_nums`='24' WHERE ( `id` = '333' ) [ RunTime:0.000195s ]
[ 2012-09-28T14:45:06+08:00 ] /SHX/PinPHP/admin.php?a=index&m=cache | SQL: UPDATE `pp_items_cate` SET `item_nums`='24' WHERE ( `id` = '349' ) [ RunTime:0.000199s ]
[ 2012-09-28T14:45:06+08:00 ] /SHX/PinPHP/admin.php?a=index&m=cache | SQL: UPDATE `pp_items_cate` SET `item_nums`='24' WHERE ( `id` = '352' ) [ RunTime:0.000191s ]
[ 2012-09-28T14:45:06+08:00 ] /SHX/PinPHP/admin.php?a=index&m=cache | SQL: UPDATE `pp_items_cate` SET `item_nums`='24' WHERE ( `id` = '353' ) [ RunTime:0.000193s ]
[ 2012-09-28T14:45:06+08:00 ] /SHX/PinPHP/admin.php?a=index&m=cache | SQL: UPDATE `pp_items_cate` SET `item_nums`='24' WHERE ( `id` = '366' ) [ RunTime:0.000205s ]
[ 2012-09-28T14:45:06+08:00 ] /SHX/PinPHP/admin.php?a=index&m=cache | SQL: UPDATE `pp_items_cate` SET `item_nums`='24' WHERE ( `id` = '376' ) [ RunTime:0.000204s ]
[ 2012-09-28T14:45:06+08:00 ] /SHX/PinPHP/admin.php?a=index&m=cache | SQL: SELECT `cid`,sum(likes) as total FROM `pp_items` GROUP BY cid  [ RunTime:0.000496s ]
[ 2012-09-28T14:45:06+08:00 ] /SHX/PinPHP/admin.php?a=index&m=cache | SQL: UPDATE `pp_items_cate` SET `item_likes`='0' WHERE ( `id` = '118' ) [ RunTime:0.000181s ]
[ 2012-09-28T14:45:06+08:00 ] /SHX/PinPHP/admin.php?a=index&m=cache | SQL: UPDATE `pp_items_cate` SET `item_likes`='0' WHERE ( `id` = '333' ) [ RunTime:0.000137s ]
[ 2012-09-28T14:45:06+08:00 ] /SHX/PinPHP/admin.php?a=index&m=cache | SQL: UPDATE `pp_items_cate` SET `item_likes`='0' WHERE ( `id` = '349' ) [ RunTime:0.000171s ]
[ 2012-09-28T14:45:06+08:00 ] /SHX/PinPHP/admin.php?a=index&m=cache | SQL: UPDATE `pp_items_cate` SET `item_likes`='0' WHERE ( `id` = '352' ) [ RunTime:0.000193s ]
[ 2012-09-28T14:45:06+08:00 ] /SHX/PinPHP/admin.php?a=index&m=cache | SQL: UPDATE `pp_items_cate` SET `item_likes`='0' WHERE ( `id` = '353' ) [ RunTime:0.000170s ]
[ 2012-09-28T14:45:06+08:00 ] /SHX/PinPHP/admin.php?a=index&m=cache | SQL: UPDATE `pp_items_cate` SET `item_likes`='0' WHERE ( `id` = '366' ) [ RunTime:0.000166s ]
[ 2012-09-28T14:45:06+08:00 ] /SHX/PinPHP/admin.php?a=index&m=cache | SQL: UPDATE `pp_items_cate` SET `item_likes`='0' WHERE ( `id` = '376' ) [ RunTime:0.000143s ]
[ 2012-09-28T14:45:06+08:00 ] /SHX/PinPHP/admin.php?a=index&m=cache | SQL: UPDATE `pp_items` SET `comments`='0' WHERE 1=1 [ RunTime:0.001686s ]
[ 2012-09-28T14:45:06+08:00 ] /SHX/PinPHP/admin.php?a=index&m=cache | SQL: SELECT `pid`,count(pid) as total FROM `pp_user_comments` WHERE type='item' and status='1' GROUP BY pid  [ RunTime:0.000227s ]
[ 2012-09-28T14:45:06+08:00 ] /SHX/PinPHP/admin.php?a=index&m=cache | NOTIC: [2] Invalid argument supplied for foreach() cacheAction.class.php 第 78 行.
[ 2012-09-28T14:45:06+08:00 ] /SHX/PinPHP/admin.php?a=index&m=cache | INFO: Tag[ view_template ] --START--
[ 2012-09-28T14:45:06+08:00 ] /SHX/PinPHP/admin.php?a=index&m=cache | INFO: Run LocationTemplate Behavior [ RunTime:0.001102s ]
[ 2012-09-28T14:45:06+08:00 ] /SHX/PinPHP/admin.php?a=index&m=cache | INFO: Tag[ view_template ] --END-- [ RunTime:0.001160s ]
[ 2012-09-28T14:45:06+08:00 ] /SHX/PinPHP/admin.php?a=index&m=cache | INFO: Tag[ view_parse ] --START--
[ 2012-09-28T14:45:06+08:00 ] /SHX/PinPHP/admin.php?a=index&m=cache | NOTIC: [8] Undefined variable: sub_menu 5cdd149056100dfb7a8e20a3e8307427.php 第 36 行.
[ 2012-09-28T14:45:06+08:00 ] /SHX/PinPHP/admin.php?a=index&m=cache | NOTIC: [8] Undefined variable: big_menu 5cdd149056100dfb7a8e20a3e8307427.php 第 36 行.
[ 2012-09-28T14:45:06+08:00 ] /SHX/PinPHP/admin.php?a=index&m=cache | INFO: Run ParseTemplate Behavior [ RunTime:0.010801s ]
[ 2012-09-28T14:45:06+08:00 ] /SHX/PinPHP/admin.php?a=index&m=cache | INFO: Tag[ view_parse ] --END-- [ RunTime:0.010862s ]
[ 2012-09-28T14:45:06+08:00 ] /SHX/PinPHP/admin.php?a=index&m=cache | INFO: Tag[ view_filter ] --START--
[ 2012-09-28T14:45:06+08:00 ] /SHX/PinPHP/admin.php?a=index&m=cache | INFO: Run ContentReplace Behavior [ RunTime:0.000311s ]
[ 2012-09-28T14:45:06+08:00 ] /SHX/PinPHP/admin.php?a=index&m=cache | INFO: Run TokenBuild Behavior [ RunTime:0.000319s ]
[ 2012-09-28T14:45:06+08:00 ] /SHX/PinPHP/admin.php?a=index&m=cache | INFO: Run WriteHtmlCache Behavior [ RunTime:0.000203s ]
[ 2012-09-28T14:45:06+08:00 ] /SHX/PinPHP/admin.php?a=index&m=cache | INFO: Run ShowRuntime Behavior [ RunTime:0.000376s ]
[ 2012-09-28T14:45:06+08:00 ] /SHX/PinPHP/admin.php?a=index&m=cache | INFO: Tag[ view_filter ] --END-- [ RunTime:0.001343s ]
[ 2012-09-28T14:45:06+08:00 ] /SHX/PinPHP/admin.php?a=index&m=cache | INFO: Tag[ view_end ] --START--
[ 2012-09-28T14:45:06+08:00 ] /SHX/PinPHP/admin.php?a=index&m=cache | INFO: Run ShowPageTrace Behavior [ RunTime:0.000348s ]
[ 2012-09-28T14:45:06+08:00 ] /SHX/PinPHP/admin.php?a=index&m=cache | INFO: Tag[ view_end ] --END-- [ RunTime:0.000395s ]
